<?xml version="1.0" encoding="UTF-8"?>
<testsuite xmlns:xsi="http://www.w3.org/2001/XMLSchema-instance" xsi:noNamespaceSchemaLocation="https://maven.apache.org/surefire/maven-surefire-plugin/xsd/surefire-test-report-3.0.xsd" version="3.0" name="com.megasena.aposta.LotoFacilTests" time="42.679" tests="1" errors="1" skipped="0" failures="0">
  <properties>
[...]
</properties>
  <testcase name="contextLoads" classname="com.megasena.aposta.LotoFacilTests" time="42.561">
    <error type="java.lang.StackOverflowError"><![CDATA[java.lang.StackOverflowError
	at java.base/java.util.HashMap.putVal(HashMap.java:627)
	at java.base/java.util.HashMap.put(HashMap.java:610)
	at com.google.gson.internal.$Gson$Types.resolve($Gson$Types.java:360)
	at com.google.gson.internal.$Gson$Types.resolve($Gson$Types.java:396)
	at com.google.gson.internal.$Gson$Types.resolve($Gson$Types.java:343)
	at com.google.gson.internal.$Gson$Types.getSupertype($Gson$Types.java:288)
	at com.google.gson.internal.$Gson$Types.getCollectionElementType($Gson$Types.java:307)
	at com.google.gson.internal.bind.CollectionTypeAdapterFactory.create(CollectionTypeAdapterFactory.java:52)
	at com.google.gson.Gson.getAdapter(Gson.java:489)
	at com.google.gson.internal.bind.ReflectiveTypeAdapterFactory.createBoundField(ReflectiveTypeAdapterFactory.java:117)
	at com.google.gson.internal.bind.ReflectiveTypeAdapterFactory.getBoundFields(ReflectiveTypeAdapterFactory.java:166)
	at com.google.gson.internal.bind.ReflectiveTypeAdapterFactory.create(ReflectiveTypeAdapterFactory.java:102)
	at com.google.gson.Gson.getAdapter(Gson.java:489)
	at com.google.gson.internal.bind.CollectionTypeAdapterFactory.create(CollectionTypeAdapterFactory.java:53)
	at com.google.gson.Gson.getAdapter(Gson.java:489)
	at com.google.gson.Gson.fromJson(Gson.java:962)
	at com.google.gson.Gson.fromJson(Gson.java:928)
	at com.google.gson.Gson.fromJson(Gson.java:877)
	at com.megasena.aposta.utils.ApostaUtils.lerArquivoResultados(ApostaUtils.java:449)
	at com.megasena.aposta.utils.ApostaUtils.buscarResultados(ApostaUtils.java:428)
	at com.megasena.aposta.utils.ApostaUtils.buscarResultadosPorData(ApostaUtils.java:418)
	at com.megasena.aposta.utils.ApostaUtils.buscaMapNumerosRecorrentesPorData(ApostaUtils.java:364)
	at com.megasena.aposta.utils.ApostaUtils.buscarNumeroMinimoRepeticoesPorData(ApostaUtils.java:300)
	at com.megasena.aposta.utils.ApostaUtils.recuperarNumeroMinRepeticoesAno(ApostaUtils.java:91)
	at com.megasena.aposta.utils.ApostaUtils.criarAposta(ApostaUtils.java:181)
	at com.megasena.aposta.utils.ApostaUtils.criarAposta(ApostaUtils.java:198)
	at com.megasena.aposta.utils.ApostaUtils.criarAposta(ApostaUtils.java:198)
	at com.megasena.aposta.utils.ApostaUtils.criarAposta(ApostaUtils.java:198)
	at com.megasena.aposta.utils.ApostaUtils.criarAposta(ApostaUtils.java:198)
	at com.megasena.aposta.utils.ApostaUtils.criarAposta(ApostaUtils.java:198)
	at com.megasena.aposta.utils.ApostaUtils.criarAposta(ApostaUtils.java:198)
	at com.megasena.aposta.utils.ApostaUtils.criarAposta(ApostaUtils.java:198)
	at com.megasena.aposta.utils.ApostaUtils.criarAposta(ApostaUtils.java:198)
	at com.megasena.aposta.utils.ApostaUtils.criarAposta(ApostaUtils.java:198)
	at com.megasena.aposta.utils.ApostaUtils.criarAposta(ApostaUtils.java:198)
	at com.megasena.aposta.utils.ApostaUtils.criarAposta(ApostaUtils.java:198)
	at com.megasena.aposta.utils.ApostaUtils.criarAposta(ApostaUtils.java:198)
	at com.megasena.aposta.utils.ApostaUtils.criarAposta(ApostaUtils.java:198)
	at com.megasena.aposta.utils.ApostaUtils.criarAposta(ApostaUtils.java:198)
	at com.megasena.aposta.utils.ApostaUtils.criarAposta(ApostaUtils.java:198)
	at com.megasena.aposta.utils.ApostaUtils.criarAposta(ApostaUtils.java:198)
	at com.megasena.aposta.utils.ApostaUtils.criarAposta(ApostaUtils.java:198)
	at com.megasena.aposta.utils.ApostaUtils.criarAposta(ApostaUtils.java:198)
	at com.megasena.aposta.utils.ApostaUtils.criarAposta(ApostaUtils.java:198)
	at com.megasena.aposta.utils.ApostaUtils.criarAposta(ApostaUtils.java:198)
	at com.megasena.aposta.utils.ApostaUtils.criarAposta(ApostaUtils.java:198)
	at com.megasena.aposta.utils.ApostaUtils.criarAposta(ApostaUtils.java:198)
	at com.megasena.aposta.utils.ApostaUtils.criarAposta(ApostaUtils.java:198)
	at com.megasena.aposta.utils.ApostaUtils.criarAposta(ApostaUtils.java:198)
	at com.megasena.aposta.utils.ApostaUtils.criarAposta(ApostaUtils.java:198)
	at com.megasena.aposta.utils.ApostaUtils.criarAposta(ApostaUtils.java:198)
	at com.megasena.aposta.utils.ApostaUtils.criarAposta(ApostaUtils.java:198)
	at com.megasena.aposta.utils.ApostaUtils.criarAposta(ApostaUtils.java:198)
	at com.megasena.aposta.utils.ApostaUtils.criarAposta(ApostaUtils.java:198)
	at com.megasena.aposta.utils.ApostaUtils.criarAposta(ApostaUtils.java:198)
	at com.megasena.aposta.utils.ApostaUtils.criarAposta(ApostaUtils.java:198)
	at com.megasena.aposta.utils.ApostaUtils.criarAposta(ApostaUtils.java:198)
	at com.megasena.aposta.utils.ApostaUtils.criarAposta(ApostaUtils.java:198)
	at com.megasena.aposta.utils.ApostaUtils.criarAposta(ApostaUtils.java:198)
	at com.megasena.aposta.utils.ApostaUtils.criarAposta(ApostaUtils.java:198)
	at com.megasena.aposta.utils.ApostaUtils.criarAposta(ApostaUtils.java:198)
	at com.megasena.aposta.utils.ApostaUtils.criarAposta(ApostaUtils.java:198)
	at com.megasena.aposta.utils.ApostaUtils.criarAposta(ApostaUtils.java:198)
	at com.megasena.aposta.utils.ApostaUtils.criarAposta(ApostaUtils.java:198)
	at com.megasena.aposta.utils.ApostaUtils.criarAposta(ApostaUtils.java:198)
	at com.megasena.aposta.utils.ApostaUtils.criarAposta(ApostaUtils.java:198)
	at com.megasena.aposta.utils.ApostaUtils.criarAposta(ApostaUtils.java:198)
	at com.megasena.aposta.utils.ApostaUtils.criarAposta(ApostaUtils.java:198)
	at com.megasena.aposta.utils.ApostaUtils.criarAposta(ApostaUtils.java:198)
	at com.megasena.aposta.utils.ApostaUtils.criarAposta(ApostaUtils.java:198)
	at com.megasena.aposta.utils.ApostaUtils.criarAposta(ApostaUtils.java:198)
	at com.megasena.aposta.utils.ApostaUtils.criarAposta(ApostaUtils.java:198)
	at com.megasena.aposta.utils.ApostaUtils.criarAposta(ApostaUtils.java:198)
	at com.megasena.aposta.utils.ApostaUtils.criarAposta(ApostaUtils.java:198)
	at com.megasena.aposta.utils.ApostaUtils.criarAposta(ApostaUtils.java:198)
	at com.megasena.aposta.utils.ApostaUtils.criarAposta(ApostaUtils.java:198)
	at com.megasena.aposta.utils.ApostaUtils.criarAposta(ApostaUtils.java:198)
	at com.megasena.aposta.utils.ApostaUtils.criarAposta(ApostaUtils.java:198)
	at com.megasena.aposta.utils.ApostaUtils.criarAposta(ApostaUtils.java:198)
	at com.megasena.aposta.utils.ApostaUtils.criarAposta(ApostaUtils.java:198)
	at com.megasena.aposta.utils.ApostaUtils.criarAposta(ApostaUtils.java:198)
	at com.megasena.aposta.utils.ApostaUtils.criarAposta(ApostaUtils.java:198)
	at com.megasena.aposta.utils.ApostaUtils.criarAposta(ApostaUtils.java:198)
	at com.megasena.aposta.utils.ApostaUtils.criarAposta(ApostaUtils.java:198)
	at com.megasena.aposta.utils.ApostaUtils.criarAposta(ApostaUtils.java:198)
	at com.megasena.aposta.utils.ApostaUtils.criarAposta(ApostaUtils.java:198)
	at com.megasena.aposta.utils.ApostaUtils.criarAposta(ApostaUtils.java:198)
	at com.megasena.aposta.utils.ApostaUtils.criarAposta(ApostaUtils.java:198)
	at com.megasena.aposta.utils.ApostaUtils.criarAposta(ApostaUtils.java:198)
	at com.megasena.aposta.utils.ApostaUtils.criarAposta(ApostaUtils.java:198)
	at com.megasena.aposta.utils.ApostaUtils.criarAposta(ApostaUtils.java:198)
	at com.megasena.aposta.utils.ApostaUtils.criarAposta(ApostaUtils.java:198)
	at com.megasena.aposta.utils.ApostaUtils.criarAposta(ApostaUtils.java:198)
	at com.megasena.aposta.utils.ApostaUtils.criarAposta(ApostaUtils.java:198)
	at com.megasena.aposta.utils.ApostaUtils.criarAposta(ApostaUtils.java:198)
	at com.megasena.aposta.utils.ApostaUtils.criarAposta(ApostaUtils.java:198)
	at com.megasena.aposta.utils.ApostaUtils.criarAposta(ApostaUtils.java:198)
	at com.megasena.aposta.utils.ApostaUtils.criarAposta(ApostaUtils.java:198)
	at com.megasena.aposta.utils.ApostaUtils.criarAposta(ApostaUtils.java:198)
	at com.megasena.aposta.utils.ApostaUtils.criarAposta(ApostaUtils.java:198)
	at com.megasena.aposta.utils.ApostaUtils.criarAposta(ApostaUtils.java:198)
	at com.megasena.aposta.utils.ApostaUtils.criarAposta(ApostaUtils.java:198)
	at com.megasena.aposta.utils.ApostaUtils.criarAposta(ApostaUtils.java:198)
	at com.megasena.aposta.utils.ApostaUtils.criarAposta(ApostaUtils.java:198)
	at com.megasena.aposta.utils.ApostaUtils.criarAposta(ApostaUtils.java:198)
	at com.megasena.aposta.utils.ApostaUtils.criarAposta(ApostaUtils.java:198)
	at com.megasena.aposta.utils.ApostaUtils.criarAposta(ApostaUtils.java:198)
	at com.megasena.aposta.utils.ApostaUtils.criarAposta(ApostaUtils.java:198)
	at com.megasena.aposta.utils.ApostaUtils.criarAposta(ApostaUtils.java:198)
	at com.megasena.aposta.utils.ApostaUtils.criarAposta(ApostaUtils.java:198)
	at com.megasena.aposta.utils.ApostaUtils.criarAposta(ApostaUtils.java:198)
	at com.megasena.aposta.utils.ApostaUtils.criarAposta(ApostaUtils.java:198)
	at com.megasena.aposta.utils.ApostaUtils.criarAposta(ApostaUtils.java:198)
	at com.megasena.aposta.utils.ApostaUtils.criarAposta(ApostaUtils.java:198)
	at com.megasena.aposta.utils.ApostaUtils.criarAposta(ApostaUtils.java:198)
	at com.megasena.aposta.utils.ApostaUtils.criarAposta(ApostaUtils.java:198)
	at com.megasena.aposta.utils.ApostaUtils.criarAposta(ApostaUtils.java:198)
	at com.megasena.aposta.utils.ApostaUtils.criarAposta(ApostaUtils.java:198)
	at com.megasena.aposta.utils.ApostaUtils.criarAposta(ApostaUtils.java:198)
	at com.megasena.aposta.utils.ApostaUtils.criarAposta(ApostaUtils.java:198)
	at com.megasena.aposta.utils.ApostaUtils.criarAposta(ApostaUtils.java:198)
	at com.megasena.aposta.utils.ApostaUtils.criarAposta(ApostaUtils.java:198)
	at com.megasena.aposta.utils.ApostaUtils.criarAposta(ApostaUtils.java:198)
	at com.megasena.aposta.utils.ApostaUtils.criarAposta(ApostaUtils.java:198)
	at com.megasena.aposta.utils.ApostaUtils.criarAposta(ApostaUtils.java:198)
	at com.megasena.aposta.utils.ApostaUtils.criarAposta(ApostaUtils.java:198)
	at com.megasena.aposta.utils.ApostaUtils.criarAposta(ApostaUtils.java:198)
	at com.megasena.aposta.utils.ApostaUtils.criarAposta(ApostaUtils.java:198)
	at com.megasena.aposta.utils.ApostaUtils.criarAposta(ApostaUtils.java:198)
	at com.megasena.aposta.utils.ApostaUtils.criarAposta(ApostaUtils.java:198)
	at com.megasena.aposta.utils.ApostaUtils.criarAposta(ApostaUtils.java:198)
	at com.megasena.aposta.utils.ApostaUtils.criarAposta(ApostaUtils.java:198)
	at com.megasena.aposta.utils.ApostaUtils.criarAposta(ApostaUtils.java:198)
	at com.megasena.aposta.utils.ApostaUtils.criarAposta(ApostaUtils.java:198)
	at com.megasena.aposta.utils.ApostaUtils.criarAposta(ApostaUtils.java:198)
	at com.megasena.aposta.utils.ApostaUtils.criarAposta(ApostaUtils.java:198)
	at com.megasena.aposta.utils.ApostaUtils.criarAposta(ApostaUtils.java:198)
	at com.megasena.aposta.utils.ApostaUtils.criarAposta(ApostaUtils.java:198)
	at com.megasena.aposta.utils.ApostaUtils.criarAposta(ApostaUtils.java:198)
	at com.megasena.aposta.utils.ApostaUtils.criarAposta(ApostaUtils.java:198)
	at com.megasena.aposta.utils.ApostaUtils.criarAposta(ApostaUtils.java:198)
	at com.megasena.aposta.utils.ApostaUtils.criarAposta(ApostaUtils.java:198)
	at com.megasena.aposta.utils.ApostaUtils.criarAposta(ApostaUtils.java:198)
	at com.megasena.aposta.utils.ApostaUtils.criarAposta(ApostaUtils.java:198)
	at com.megasena.aposta.utils.ApostaUtils.criarAposta(ApostaUtils.java:198)
	at com.megasena.aposta.utils.ApostaUtils.criarAposta(ApostaUtils.java:198)
	at com.megasena.aposta.utils.ApostaUtils.criarAposta(ApostaUtils.java:198)
	at com.megasena.aposta.utils.ApostaUtils.criarAposta(ApostaUtils.java:198)
	at com.megasena.aposta.utils.ApostaUtils.criarAposta(ApostaUtils.java:198)
	at com.megasena.aposta.utils.ApostaUtils.criarAposta(ApostaUtils.java:198)
	at com.megasena.aposta.utils.ApostaUtils.criarAposta(ApostaUtils.java:198)
	at com.megasena.aposta.utils.ApostaUtils.criarAposta(ApostaUtils.java:198)
	at com.megasena.aposta.utils.ApostaUtils.criarAposta(ApostaUtils.java:198)
	at com.megasena.aposta.utils.ApostaUtils.criarAposta(ApostaUtils.java:198)
	at com.megasena.aposta.utils.ApostaUtils.criarAposta(ApostaUtils.java:198)
	at com.megasena.aposta.utils.ApostaUtils.criarAposta(ApostaUtils.java:198)
	at com.megasena.aposta.utils.ApostaUtils.criarAposta(ApostaUtils.java:198)
	at com.megasena.aposta.utils.ApostaUtils.criarAposta(ApostaUtils.java:198)
	at com.megasena.aposta.utils.ApostaUtils.criarAposta(ApostaUtils.java:198)
	at com.megasena.aposta.utils.ApostaUtils.criarAposta(ApostaUtils.java:198)
	at com.megasena.aposta.utils.ApostaUtils.criarAposta(ApostaUtils.java:198)
	at com.megasena.aposta.utils.ApostaUtils.criarAposta(ApostaUtils.java:198)
	at com.megasena.aposta.utils.ApostaUtils.criarAposta(ApostaUtils.java:198)
	at com.megasena.aposta.utils.ApostaUtils.criarAposta(ApostaUtils.java:198)
	at com.megasena.aposta.utils.ApostaUtils.criarAposta(ApostaUtils.java:198)
	at com.megasena.aposta.utils.ApostaUtils.criarAposta(ApostaUtils.java:198)
	at com.megasena.aposta.utils.ApostaUtils.criarAposta(ApostaUtils.java:198)
	at com.megasena.aposta.utils.ApostaUtils.criarAposta(ApostaUtils.java:198)
	at com.megasena.aposta.utils.ApostaUtils.criarAposta(ApostaUtils.java:198)
	at com.megasena.aposta.utils.ApostaUtils.criarAposta(ApostaUtils.java:198)
	at com.megasena.aposta.utils.ApostaUtils.criarAposta(ApostaUtils.java:198)
	at com.megasena.aposta.utils.ApostaUtils.criarAposta(ApostaUtils.java:198)
	at com.megasena.aposta.utils.ApostaUtils.criarAposta(ApostaUtils.java:198)
	at com.megasena.aposta.utils.ApostaUtils.criarAposta(ApostaUtils.java:198)
	at com.megasena.aposta.utils.ApostaUtils.criarAposta(ApostaUtils.java:198)
	at com.megasena.aposta.utils.ApostaUtils.criarAposta(ApostaUtils.java:198)
	at com.megasena.aposta.utils.ApostaUtils.criarAposta(ApostaUtils.java:198)
	at com.megasena.aposta.utils.ApostaUtils.criarAposta(ApostaUtils.java:198)
	at com.megasena.aposta.utils.ApostaUtils.criarAposta(ApostaUtils.java:198)
	at com.megasena.aposta.utils.ApostaUtils.criarAposta(ApostaUtils.java:198)
	at com.megasena.aposta.utils.ApostaUtils.criarAposta(ApostaUtils.java:198)
	at com.megasena.aposta.utils.ApostaUtils.criarAposta(ApostaUtils.java:198)
	at com.megasena.aposta.utils.ApostaUtils.criarAposta(ApostaUtils.java:198)
	at com.megasena.aposta.utils.ApostaUtils.criarAposta(ApostaUtils.java:198)
	at com.megasena.aposta.utils.ApostaUtils.criarAposta(ApostaUtils.java:198)
	at com.megasena.aposta.utils.ApostaUtils.criarAposta(ApostaUtils.java:198)
	at com.megasena.aposta.utils.ApostaUtils.criarAposta(ApostaUtils.java:198)
	at com.megasena.aposta.utils.ApostaUtils.criarAposta(ApostaUtils.java:198)
	at com.megasena.aposta.utils.ApostaUtils.criarAposta(ApostaUtils.java:198)
	at com.megasena.aposta.utils.ApostaUtils.criarAposta(ApostaUtils.java:198)
	at com.megasena.aposta.utils.ApostaUtils.criarAposta(ApostaUtils.java:198)
	at com.megasena.aposta.utils.ApostaUtils.criarAposta(ApostaUtils.java:198)
	at com.megasena.aposta.utils.ApostaUtils.criarAposta(ApostaUtils.java:198)
	at com.megasena.aposta.utils.ApostaUtils.criarAposta(ApostaUtils.java:198)
	at com.megasena.aposta.utils.ApostaUtils.criarAposta(ApostaUtils.java:198)
	at com.megasena.aposta.utils.ApostaUtils.criarAposta(ApostaUtils.java:198)
	at com.megasena.aposta.utils.ApostaUtils.criarAposta(ApostaUtils.java:198)
	at com.megasena.aposta.utils.ApostaUtils.criarAposta(ApostaUtils.java:198)
	at com.megasena.aposta.utils.ApostaUtils.criarAposta(ApostaUtils.java:198)
	at com.megasena.aposta.utils.ApostaUtils.criarAposta(ApostaUtils.java:198)
	at com.megasena.aposta.utils.ApostaUtils.criarAposta(ApostaUtils.java:198)
	at com.megasena.aposta.utils.ApostaUtils.criarAposta(ApostaUtils.java:198)
	at com.megasena.aposta.utils.ApostaUtils.criarAposta(ApostaUtils.java:198)
	at com.megasena.aposta.utils.ApostaUtils.criarAposta(ApostaUtils.java:198)
	at com.megasena.aposta.utils.ApostaUtils.criarAposta(ApostaUtils.java:198)
	at com.megasena.aposta.utils.ApostaUtils.criarAposta(ApostaUtils.java:198)
	at com.megasena.aposta.utils.ApostaUtils.criarAposta(ApostaUtils.java:198)
	at com.megasena.aposta.utils.ApostaUtils.criarAposta(ApostaUtils.java:198)
	at com.megasena.aposta.utils.ApostaUtils.criarAposta(ApostaUtils.java:198)
	at com.megasena.aposta.utils.ApostaUtils.criarAposta(ApostaUtils.java:198)
	at com.megasena.aposta.utils.ApostaUtils.criarAposta(ApostaUtils.java:198)
	at com.megasena.aposta.utils.ApostaUtils.criarAposta(ApostaUtils.java:198)
	at com.megasena.aposta.utils.ApostaUtils.criarAposta(ApostaUtils.java:198)
	at com.megasena.aposta.utils.ApostaUtils.criarAposta(ApostaUtils.java:198)
	at com.megasena.aposta.utils.ApostaUtils.criarAposta(ApostaUtils.java:198)
	at com.megasena.aposta.utils.ApostaUtils.criarAposta(ApostaUtils.java:198)
	at com.megasena.aposta.utils.ApostaUtils.criarAposta(ApostaUtils.java:198)
	at com.megasena.aposta.utils.ApostaUtils.criarAposta(ApostaUtils.java:198)
	at com.megasena.aposta.utils.ApostaUtils.criarAposta(ApostaUtils.java:198)
	at com.megasena.aposta.utils.ApostaUtils.criarAposta(ApostaUtils.java:198)
	at com.megasena.aposta.utils.ApostaUtils.criarAposta(ApostaUtils.java:198)
	at com.megasena.aposta.utils.ApostaUtils.criarAposta(ApostaUtils.java:198)
	at com.megasena.aposta.utils.ApostaUtils.criarAposta(ApostaUtils.java:198)
	at com.megasena.aposta.utils.ApostaUtils.criarAposta(ApostaUtils.java:198)
	at com.megasena.aposta.utils.ApostaUtils.criarAposta(ApostaUtils.java:198)
	at com.megasena.aposta.utils.ApostaUtils.criarAposta(ApostaUtils.java:198)
	at com.megasena.aposta.utils.ApostaUtils.criarAposta(ApostaUtils.java:198)
	at com.megasena.aposta.utils.ApostaUtils.criarAposta(ApostaUtils.java:198)
	at com.megasena.aposta.utils.ApostaUtils.criarAposta(ApostaUtils.java:198)
	at com.megasena.aposta.utils.ApostaUtils.criarAposta(ApostaUtils.java:198)
	at com.megasena.aposta.utils.ApostaUtils.criarAposta(ApostaUtils.java:198)
	at com.megasena.aposta.utils.ApostaUtils.criarAposta(ApostaUtils.java:198)
	at com.megasena.aposta.utils.ApostaUtils.criarAposta(ApostaUtils.java:198)
	at com.megasena.aposta.utils.ApostaUtils.criarAposta(ApostaUtils.java:198)
	at com.megasena.aposta.utils.ApostaUtils.criarAposta(ApostaUtils.java:198)
	at com.megasena.aposta.utils.ApostaUtils.criarAposta(ApostaUtils.java:198)
	at com.megasena.aposta.utils.ApostaUtils.criarAposta(ApostaUtils.java:198)
	at com.megasena.aposta.utils.ApostaUtils.criarAposta(ApostaUtils.java:198)
	at com.megasena.aposta.utils.ApostaUtils.criarAposta(ApostaUtils.java:198)
	at com.megasena.aposta.utils.ApostaUtils.criarAposta(ApostaUtils.java:198)
	at com.megasena.aposta.utils.ApostaUtils.criarAposta(ApostaUtils.java:198)
	at com.megasena.aposta.utils.ApostaUtils.criarAposta(ApostaUtils.java:198)
	at com.megasena.aposta.utils.ApostaUtils.criarAposta(ApostaUtils.java:198)
	at com.megasena.aposta.utils.ApostaUtils.criarAposta(ApostaUtils.java:198)
	at com.megasena.aposta.utils.ApostaUtils.criarAposta(ApostaUtils.java:198)
	at com.megasena.aposta.utils.ApostaUtils.criarAposta(ApostaUtils.java:198)
	at com.megasena.aposta.utils.ApostaUtils.criarAposta(ApostaUtils.java:198)
	at com.megasena.aposta.utils.ApostaUtils.criarAposta(ApostaUtils.java:198)
	at com.megasena.aposta.utils.ApostaUtils.criarAposta(ApostaUtils.java:198)
	at com.megasena.aposta.utils.ApostaUtils.criarAposta(ApostaUtils.java:198)
	at com.megasena.aposta.utils.ApostaUtils.criarAposta(ApostaUtils.java:198)
	at com.megasena.aposta.utils.ApostaUtils.criarAposta(ApostaUtils.java:198)
	at com.megasena.aposta.utils.ApostaUtils.criarAposta(ApostaUtils.java:198)
	at com.megasena.aposta.utils.ApostaUtils.criarAposta(ApostaUtils.java:198)
	at com.megasena.aposta.utils.ApostaUtils.criarAposta(ApostaUtils.java:198)
	at com.megasena.aposta.utils.ApostaUtils.criarAposta(ApostaUtils.java:198)
	at com.megasena.aposta.utils.ApostaUtils.criarAposta(ApostaUtils.java:198)
	at com.megasena.aposta.utils.ApostaUtils.criarAposta(ApostaUtils.java:198)
	at com.megasena.aposta.utils.ApostaUtils.criarAposta(ApostaUtils.java:198)
	at com.megasena.aposta.utils.ApostaUtils.criarAposta(ApostaUtils.java:198)
	at com.megasena.aposta.utils.ApostaUtils.criarAposta(ApostaUtils.java:198)
	at com.megasena.aposta.utils.ApostaUtils.criarAposta(ApostaUtils.java:198)
	at com.megasena.aposta.utils.ApostaUtils.criarAposta(ApostaUtils.java:198)
	at com.megasena.aposta.utils.ApostaUtils.criarAposta(ApostaUtils.java:198)
	at com.megasena.aposta.utils.ApostaUtils.criarAposta(ApostaUtils.java:198)
	at com.megasena.aposta.utils.ApostaUtils.criarAposta(ApostaUtils.java:198)
	at com.megasena.aposta.utils.ApostaUtils.criarAposta(ApostaUtils.java:198)
	at com.megasena.aposta.utils.ApostaUtils.criarAposta(ApostaUtils.java:198)
	at com.megasena.aposta.utils.ApostaUtils.criarAposta(ApostaUtils.java:198)
	at com.megasena.aposta.utils.ApostaUtils.criarAposta(ApostaUtils.java:198)
	at com.megasena.aposta.utils.ApostaUtils.criarAposta(ApostaUtils.java:198)
	at com.megasena.aposta.utils.ApostaUtils.criarAposta(ApostaUtils.java:198)
	at com.megasena.aposta.utils.ApostaUtils.criarAposta(ApostaUtils.java:198)
	at com.megasena.aposta.utils.ApostaUtils.criarAposta(ApostaUtils.java:198)
	at com.megasena.aposta.utils.ApostaUtils.criarAposta(ApostaUtils.java:198)
	at com.megasena.aposta.utils.ApostaUtils.criarAposta(ApostaUtils.java:198)
	at com.megasena.aposta.utils.ApostaUtils.criarAposta(ApostaUtils.java:198)
	at com.megasena.aposta.utils.ApostaUtils.criarAposta(ApostaUtils.java:198)
	at com.megasena.aposta.utils.ApostaUtils.criarAposta(ApostaUtils.java:198)
	at com.megasena.aposta.utils.ApostaUtils.criarAposta(ApostaUtils.java:198)
	at com.megasena.aposta.utils.ApostaUtils.criarAposta(ApostaUtils.java:198)
	at com.megasena.aposta.utils.ApostaUtils.criarAposta(ApostaUtils.java:198)
	at com.megasena.aposta.utils.ApostaUtils.criarAposta(ApostaUtils.java:198)
	at com.megasena.aposta.utils.ApostaUtils.criarAposta(ApostaUtils.java:198)
	at com.megasena.aposta.utils.ApostaUtils.criarAposta(ApostaUtils.java:198)
	at com.megasena.aposta.utils.ApostaUtils.criarAposta(ApostaUtils.java:198)
	at com.megasena.aposta.utils.ApostaUtils.criarAposta(ApostaUtils.java:198)
	at com.megasena.aposta.utils.ApostaUtils.criarAposta(ApostaUtils.java:198)
	at com.megasena.aposta.utils.ApostaUtils.criarAposta(ApostaUtils.java:198)
	at com.megasena.aposta.utils.ApostaUtils.criarAposta(ApostaUtils.java:198)
	at com.megasena.aposta.utils.ApostaUtils.criarAposta(ApostaUtils.java:198)
	at com.megasena.aposta.utils.ApostaUtils.criarAposta(ApostaUtils.java:198)
	at com.megasena.aposta.utils.ApostaUtils.criarAposta(ApostaUtils.java:198)
	at com.megasena.aposta.utils.ApostaUtils.criarAposta(ApostaUtils.java:198)
	at com.megasena.aposta.utils.ApostaUtils.criarAposta(ApostaUtils.java:198)
	at com.megasena.aposta.utils.ApostaUtils.criarAposta(ApostaUtils.java:198)
	at com.megasena.aposta.utils.ApostaUtils.criarAposta(ApostaUtils.java:198)
	at com.megasena.aposta.utils.ApostaUtils.criarAposta(ApostaUtils.java:198)
	at com.megasena.aposta.utils.ApostaUtils.criarAposta(ApostaUtils.java:198)
	at com.megasena.aposta.utils.ApostaUtils.criarAposta(ApostaUtils.java:198)
	at com.megasena.aposta.utils.ApostaUtils.criarAposta(ApostaUtils.java:198)
	at com.megasena.aposta.utils.ApostaUtils.criarAposta(ApostaUtils.java:198)
	at com.megasena.aposta.utils.ApostaUtils.criarAposta(ApostaUtils.java:198)
	at com.megasena.aposta.utils.ApostaUtils.criarAposta(ApostaUtils.java:198)
	at com.megasena.aposta.utils.ApostaUtils.criarAposta(ApostaUtils.java:198)
	at com.megasena.aposta.utils.ApostaUtils.criarAposta(ApostaUtils.java:198)
	at com.megasena.aposta.utils.ApostaUtils.criarAposta(ApostaUtils.java:198)
	at com.megasena.aposta.utils.ApostaUtils.criarAposta(ApostaUtils.java:198)
	at com.megasena.aposta.utils.ApostaUtils.criarAposta(ApostaUtils.java:198)
	at com.megasena.aposta.utils.ApostaUtils.criarAposta(ApostaUtils.java:198)
	at com.megasena.aposta.utils.ApostaUtils.criarAposta(ApostaUtils.java:198)
	at com.megasena.aposta.utils.ApostaUtils.criarAposta(ApostaUtils.java:198)
	at com.megasena.aposta.utils.ApostaUtils.criarAposta(ApostaUtils.java:198)
	at com.megasena.aposta.utils.ApostaUtils.criarAposta(ApostaUtils.java:198)
	at com.megasena.aposta.utils.ApostaUtils.criarAposta(ApostaUtils.java:198)
	at com.megasena.aposta.utils.ApostaUtils.criarAposta(ApostaUtils.java:198)
	at com.megasena.aposta.utils.ApostaUtils.criarAposta(ApostaUtils.java:198)
	at com.megasena.aposta.utils.ApostaUtils.criarAposta(ApostaUtils.java:198)
	at com.megasena.aposta.utils.ApostaUtils.criarAposta(ApostaUtils.java:198)
	at com.megasena.aposta.utils.ApostaUtils.criarAposta(ApostaUtils.java:198)
	at com.megasena.aposta.utils.ApostaUtils.criarAposta(ApostaUtils.java:198)
	at com.megasena.aposta.utils.ApostaUtils.criarAposta(ApostaUtils.java:198)
	at com.megasena.aposta.utils.ApostaUtils.criarAposta(ApostaUtils.java:198)
	at com.megasena.aposta.utils.ApostaUtils.criarAposta(ApostaUtils.java:198)
	at com.megasena.aposta.utils.ApostaUtils.criarAposta(ApostaUtils.java:198)
	at com.megasena.aposta.utils.ApostaUtils.criarAposta(ApostaUtils.java:198)
	at com.megasena.aposta.utils.ApostaUtils.criarAposta(ApostaUtils.java:198)
	at com.megasena.aposta.utils.ApostaUtils.criarAposta(ApostaUtils.java:198)
	at com.megasena.aposta.utils.ApostaUtils.criarAposta(ApostaUtils.java:198)
	at com.megasena.aposta.utils.ApostaUtils.criarAposta(ApostaUtils.java:198)
	at com.megasena.aposta.utils.ApostaUtils.criarAposta(ApostaUtils.java:198)
	at com.megasena.aposta.utils.ApostaUtils.criarAposta(ApostaUtils.java:198)
	at com.megasena.aposta.utils.ApostaUtils.criarAposta(ApostaUtils.java:198)
	at com.megasena.aposta.utils.ApostaUtils.criarAposta(ApostaUtils.java:198)
	at com.megasena.aposta.utils.ApostaUtils.criarAposta(ApostaUtils.java:198)
	at com.megasena.aposta.utils.ApostaUtils.criarAposta(ApostaUtils.java:198)
	at com.megasena.aposta.utils.ApostaUtils.criarAposta(ApostaUtils.java:198)
	at com.megasena.aposta.utils.ApostaUtils.criarAposta(ApostaUtils.java:198)
	at com.megasena.aposta.utils.ApostaUtils.criarAposta(ApostaUtils.java:198)
	at com.megasena.aposta.utils.ApostaUtils.criarAposta(ApostaUtils.java:198)
	at com.megasena.aposta.utils.ApostaUtils.criarAposta(ApostaUtils.java:198)
	at com.megasena.aposta.utils.ApostaUtils.criarAposta(ApostaUtils.java:198)
	at com.megasena.aposta.utils.ApostaUtils.criarAposta(ApostaUtils.java:198)
	at com.megasena.aposta.utils.ApostaUtils.criarAposta(ApostaUtils.java:198)
	at com.megasena.aposta.utils.ApostaUtils.criarAposta(ApostaUtils.java:198)
	at com.megasena.aposta.utils.ApostaUtils.criarAposta(ApostaUtils.java:198)
	at com.megasena.aposta.utils.ApostaUtils.criarAposta(ApostaUtils.java:198)
	at com.megasena.aposta.utils.ApostaUtils.criarAposta(ApostaUtils.java:198)
	at com.megasena.aposta.utils.ApostaUtils.criarAposta(ApostaUtils.java:198)
	at com.megasena.aposta.utils.ApostaUtils.criarAposta(ApostaUtils.java:198)
	at com.megasena.aposta.utils.ApostaUtils.criarAposta(ApostaUtils.java:198)
	at com.megasena.aposta.utils.ApostaUtils.criarAposta(ApostaUtils.java:198)
	at com.megasena.aposta.utils.ApostaUtils.criarAposta(ApostaUtils.java:198)
	at com.megasena.aposta.utils.ApostaUtils.criarAposta(ApostaUtils.java:198)
	at com.megasena.aposta.utils.ApostaUtils.criarAposta(ApostaUtils.java:198)
	at com.megasena.aposta.utils.ApostaUtils.criarAposta(ApostaUtils.java:198)
	at com.megasena.aposta.utils.ApostaUtils.criarAposta(ApostaUtils.java:198)
	at com.megasena.aposta.utils.ApostaUtils.criarAposta(ApostaUtils.java:198)
	at com.megasena.aposta.utils.ApostaUtils.criarAposta(ApostaUtils.java:198)
	at com.megasena.aposta.utils.ApostaUtils.criarAposta(ApostaUtils.java:198)
	at com.megasena.aposta.utils.ApostaUtils.criarAposta(ApostaUtils.java:198)
	at com.megasena.aposta.utils.ApostaUtils.criarAposta(ApostaUtils.java:198)
	at com.megasena.aposta.utils.ApostaUtils.criarAposta(ApostaUtils.java:198)
	at com.megasena.aposta.utils.ApostaUtils.criarAposta(ApostaUtils.java:198)
	at com.megasena.aposta.utils.ApostaUtils.criarAposta(ApostaUtils.java:198)
	at com.megasena.aposta.utils.ApostaUtils.criarAposta(ApostaUtils.java:198)
	at com.megasena.aposta.utils.ApostaUtils.criarAposta(ApostaUtils.java:198)
	at com.megasena.aposta.utils.ApostaUtils.criarAposta(ApostaUtils.java:198)
	at com.megasena.aposta.utils.ApostaUtils.criarAposta(ApostaUtils.java:198)
	at com.megasena.aposta.utils.ApostaUtils.criarAposta(ApostaUtils.java:198)
	at com.megasena.aposta.utils.ApostaUtils.criarAposta(ApostaUtils.java:198)
	at com.megasena.aposta.utils.ApostaUtils.criarAposta(ApostaUtils.java:198)
	at com.megasena.aposta.utils.ApostaUtils.criarAposta(ApostaUtils.java:198)
	at com.megasena.aposta.utils.ApostaUtils.criarAposta(ApostaUtils.java:198)
	at com.megasena.aposta.utils.ApostaUtils.criarAposta(ApostaUtils.java:198)
	at com.megasena.aposta.utils.ApostaUtils.criarAposta(ApostaUtils.java:198)
	at com.megasena.aposta.utils.ApostaUtils.criarAposta(ApostaUtils.java:198)
	at com.megasena.aposta.utils.ApostaUtils.criarAposta(ApostaUtils.java:198)
	at com.megasena.aposta.utils.ApostaUtils.criarAposta(ApostaUtils.java:198)
	at com.megasena.aposta.utils.ApostaUtils.criarAposta(ApostaUtils.java:198)
	at com.megasena.aposta.utils.ApostaUtils.criarAposta(ApostaUtils.java:198)
	at com.megasena.aposta.utils.ApostaUtils.criarAposta(ApostaUtils.java:198)
	at com.megasena.aposta.utils.ApostaUtils.criarAposta(ApostaUtils.java:198)
	at com.megasena.aposta.utils.ApostaUtils.criarAposta(ApostaUtils.java:198)
	at com.megasena.aposta.utils.ApostaUtils.criarAposta(ApostaUtils.java:198)
	at com.megasena.aposta.utils.ApostaUtils.criarAposta(ApostaUtils.java:198)
	at com.megasena.aposta.utils.ApostaUtils.criarAposta(ApostaUtils.java:198)
	at com.megasena.aposta.utils.ApostaUtils.criarAposta(ApostaUtils.java:198)
	at com.megasena.aposta.utils.ApostaUtils.criarAposta(ApostaUtils.java:198)
	at com.megasena.aposta.utils.ApostaUtils.criarAposta(ApostaUtils.java:198)
	at com.megasena.aposta.utils.ApostaUtils.criarAposta(ApostaUtils.java:198)
	at com.megasena.aposta.utils.ApostaUtils.criarAposta(ApostaUtils.java:198)
	at com.megasena.aposta.utils.ApostaUtils.criarAposta(ApostaUtils.java:198)
	at com.megasena.aposta.utils.ApostaUtils.criarAposta(ApostaUtils.java:198)
	at com.megasena.aposta.utils.ApostaUtils.criarAposta(ApostaUtils.java:198)
	at com.megasena.aposta.utils.ApostaUtils.criarAposta(ApostaUtils.java:198)
	at com.megasena.aposta.utils.ApostaUtils.criarAposta(ApostaUtils.java:198)
	at com.megasena.aposta.utils.ApostaUtils.criarAposta(ApostaUtils.java:198)
	at com.megasena.aposta.utils.ApostaUtils.criarAposta(ApostaUtils.java:198)
	at com.megasena.aposta.utils.ApostaUtils.criarAposta(ApostaUtils.java:198)
	at com.megasena.aposta.utils.ApostaUtils.criarAposta(ApostaUtils.java:198)
	at com.megasena.aposta.utils.ApostaUtils.criarAposta(ApostaUtils.java:198)
	at com.megasena.aposta.utils.ApostaUtils.criarAposta(ApostaUtils.java:198)
	at com.megasena.aposta.utils.ApostaUtils.criarAposta(ApostaUtils.java:198)
	at com.megasena.aposta.utils.ApostaUtils.criarAposta(ApostaUtils.java:198)
	at com.megasena.aposta.utils.ApostaUtils.criarAposta(ApostaUtils.java:198)
	at com.megasena.aposta.utils.ApostaUtils.criarAposta(ApostaUtils.java:198)
	at com.megasena.aposta.utils.ApostaUtils.criarAposta(ApostaUtils.java:198)
	at com.megasena.aposta.utils.ApostaUtils.criarAposta(ApostaUtils.java:198)
	at com.megasena.aposta.utils.ApostaUtils.criarAposta(ApostaUtils.java:198)
	at com.megasena.aposta.utils.ApostaUtils.criarAposta(ApostaUtils.java:198)
	at com.megasena.aposta.utils.ApostaUtils.criarAposta(ApostaUtils.java:198)
	at com.megasena.aposta.utils.ApostaUtils.criarAposta(ApostaUtils.java:198)
	at com.megasena.aposta.utils.ApostaUtils.criarAposta(ApostaUtils.java:198)
	at com.megasena.aposta.utils.ApostaUtils.criarAposta(ApostaUtils.java:198)
	at com.megasena.aposta.utils.ApostaUtils.criarAposta(ApostaUtils.java:198)
	at com.megasena.aposta.utils.ApostaUtils.criarAposta(ApostaUtils.java:198)
	at com.megasena.aposta.utils.ApostaUtils.criarAposta(ApostaUtils.java:198)
	at com.megasena.aposta.utils.ApostaUtils.criarAposta(ApostaUtils.java:198)
	at com.megasena.aposta.utils.ApostaUtils.criarAposta(ApostaUtils.java:198)
	at com.megasena.aposta.utils.ApostaUtils.criarAposta(ApostaUtils.java:198)
	at com.megasena.aposta.utils.ApostaUtils.criarAposta(ApostaUtils.java:198)
	at com.megasena.aposta.utils.ApostaUtils.criarAposta(ApostaUtils.java:198)
	at com.megasena.aposta.utils.ApostaUtils.criarAposta(ApostaUtils.java:198)
	at com.megasena.aposta.utils.ApostaUtils.criarAposta(ApostaUtils.java:198)
	at com.megasena.aposta.utils.ApostaUtils.criarAposta(ApostaUtils.java:198)
	at com.megasena.aposta.utils.ApostaUtils.criarAposta(ApostaUtils.java:198)
	at com.megasena.aposta.utils.ApostaUtils.criarAposta(ApostaUtils.java:198)
	at com.megasena.aposta.utils.ApostaUtils.criarAposta(ApostaUtils.java:198)
	at com.megasena.aposta.utils.ApostaUtils.criarAposta(ApostaUtils.java:198)
	at com.megasena.aposta.utils.ApostaUtils.criarAposta(ApostaUtils.java:198)
	at com.megasena.aposta.utils.ApostaUtils.criarAposta(ApostaUtils.java:198)
	at com.megasena.aposta.utils.ApostaUtils.criarAposta(ApostaUtils.java:198)
	at com.megasena.aposta.utils.ApostaUtils.criarAposta(ApostaUtils.java:198)
	at com.megasena.aposta.utils.ApostaUtils.criarAposta(ApostaUtils.java:198)
	at com.megasena.aposta.utils.ApostaUtils.criarAposta(ApostaUtils.java:198)
	at com.megasena.aposta.utils.ApostaUtils.criarAposta(ApostaUtils.java:198)
	at com.megasena.aposta.utils.ApostaUtils.criarAposta(ApostaUtils.java:198)
	at com.megasena.aposta.utils.ApostaUtils.criarAposta(ApostaUtils.java:198)
	at com.megasena.aposta.utils.ApostaUtils.criarAposta(ApostaUtils.java:198)
	at com.megasena.aposta.utils.ApostaUtils.criarAposta(ApostaUtils.java:198)
	at com.megasena.aposta.utils.ApostaUtils.criarAposta(ApostaUtils.java:198)
	at com.megasena.aposta.utils.ApostaUtils.criarAposta(ApostaUtils.java:198)
	at com.megasena.aposta.utils.ApostaUtils.criarAposta(ApostaUtils.java:198)
	at com.megasena.aposta.utils.ApostaUtils.criarAposta(ApostaUtils.java:198)
	at com.megasena.aposta.utils.ApostaUtils.criarAposta(ApostaUtils.java:198)
	at com.megasena.aposta.utils.ApostaUtils.criarAposta(ApostaUtils.java:198)
	at com.megasena.aposta.utils.ApostaUtils.criarAposta(ApostaUtils.java:198)
	at com.megasena.aposta.utils.ApostaUtils.criarAposta(ApostaUtils.java:198)
	at com.megasena.aposta.utils.ApostaUtils.criarAposta(ApostaUtils.java:198)
	at com.megasena.aposta.utils.ApostaUtils.criarAposta(ApostaUtils.java:198)
	at com.megasena.aposta.utils.ApostaUtils.criarAposta(ApostaUtils.java:198)
	at com.megasena.aposta.utils.ApostaUtils.criarAposta(ApostaUtils.java:198)
	at com.megasena.aposta.utils.ApostaUtils.criarAposta(ApostaUtils.java:198)
	at com.megasena.aposta.utils.ApostaUtils.criarAposta(ApostaUtils.java:198)
	at com.megasena.aposta.utils.ApostaUtils.criarAposta(ApostaUtils.java:198)
	at com.megasena.aposta.utils.ApostaUtils.criarAposta(ApostaUtils.java:198)
	at com.megasena.aposta.utils.ApostaUtils.criarAposta(ApostaUtils.java:198)
	at com.megasena.aposta.utils.ApostaUtils.criarAposta(ApostaUtils.java:198)
	at com.megasena.aposta.utils.ApostaUtils.criarAposta(ApostaUtils.java:198)
	at com.megasena.aposta.utils.ApostaUtils.criarAposta(ApostaUtils.java:198)
	at com.megasena.aposta.utils.ApostaUtils.criarAposta(ApostaUtils.java:198)
	at com.megasena.aposta.utils.ApostaUtils.criarAposta(ApostaUtils.java:198)
	at com.megasena.aposta.utils.ApostaUtils.criarAposta(ApostaUtils.java:198)
	at com.megasena.aposta.utils.ApostaUtils.criarAposta(ApostaUtils.java:198)
	at com.megasena.aposta.utils.ApostaUtils.criarAposta(ApostaUtils.java:198)
	at com.megasena.aposta.utils.ApostaUtils.criarAposta(ApostaUtils.java:198)
	at com.megasena.aposta.utils.ApostaUtils.criarAposta(ApostaUtils.java:198)
	at com.megasena.aposta.utils.ApostaUtils.criarAposta(ApostaUtils.java:198)
	at com.megasena.aposta.utils.ApostaUtils.criarAposta(ApostaUtils.java:198)
	at com.megasena.aposta.utils.ApostaUtils.criarAposta(ApostaUtils.java:198)
	at com.megasena.aposta.utils.ApostaUtils.criarAposta(ApostaUtils.java:198)
	at com.megasena.aposta.utils.ApostaUtils.criarAposta(ApostaUtils.java:198)
	at com.megasena.aposta.utils.ApostaUtils.criarAposta(ApostaUtils.java:198)
	at com.megasena.aposta.utils.ApostaUtils.criarAposta(ApostaUtils.java:198)
	at com.megasena.aposta.utils.ApostaUtils.criarAposta(ApostaUtils.java:198)
	at com.megasena.aposta.utils.ApostaUtils.criarAposta(ApostaUtils.java:198)
	at com.megasena.aposta.utils.ApostaUtils.criarAposta(ApostaUtils.java:198)
	at com.megasena.aposta.utils.ApostaUtils.criarAposta(ApostaUtils.java:198)
	at com.megasena.aposta.utils.ApostaUtils.criarAposta(ApostaUtils.java:198)
	at com.megasena.aposta.utils.ApostaUtils.criarAposta(ApostaUtils.java:198)
	at com.megasena.aposta.utils.ApostaUtils.criarAposta(ApostaUtils.java:198)
	at com.megasena.aposta.utils.ApostaUtils.criarAposta(ApostaUtils.java:198)
	at com.megasena.aposta.utils.ApostaUtils.criarAposta(ApostaUtils.java:198)
	at com.megasena.aposta.utils.ApostaUtils.criarAposta(ApostaUtils.java:198)
	at com.megasena.aposta.utils.ApostaUtils.criarAposta(ApostaUtils.java:198)
	at com.megasena.aposta.utils.ApostaUtils.criarAposta(ApostaUtils.java:198)
	at com.megasena.aposta.utils.ApostaUtils.criarAposta(ApostaUtils.java:198)
	at com.megasena.aposta.utils.ApostaUtils.criarAposta(ApostaUtils.java:198)
	at com.megasena.aposta.utils.ApostaUtils.criarAposta(ApostaUtils.java:198)
	at com.megasena.aposta.utils.ApostaUtils.criarAposta(ApostaUtils.java:198)
	at com.megasena.aposta.utils.ApostaUtils.criarAposta(ApostaUtils.java:198)
	at com.megasena.aposta.utils.ApostaUtils.criarAposta(ApostaUtils.java:198)
	at com.megasena.aposta.utils.ApostaUtils.criarAposta(ApostaUtils.java:198)
	at com.megasena.aposta.utils.ApostaUtils.criarAposta(ApostaUtils.java:198)
	at com.megasena.aposta.utils.ApostaUtils.criarAposta(ApostaUtils.java:198)
	at com.megasena.aposta.utils.ApostaUtils.criarAposta(ApostaUtils.java:198)
	at com.megasena.aposta.utils.ApostaUtils.criarAposta(ApostaUtils.java:198)
	at com.megasena.aposta.utils.ApostaUtils.criarAposta(ApostaUtils.java:198)
	at com.megasena.aposta.utils.ApostaUtils.criarAposta(ApostaUtils.java:198)
	at com.megasena.aposta.utils.ApostaUtils.criarAposta(ApostaUtils.java:198)
	at com.megasena.aposta.utils.ApostaUtils.criarAposta(ApostaUtils.java:198)
	at com.megasena.aposta.utils.ApostaUtils.criarAposta(ApostaUtils.java:198)
	at com.megasena.aposta.utils.ApostaUtils.criarAposta(ApostaUtils.java:198)
	at com.megasena.aposta.utils.ApostaUtils.criarAposta(ApostaUtils.java:198)
	at com.megasena.aposta.utils.ApostaUtils.criarAposta(ApostaUtils.java:198)
	at com.megasena.aposta.utils.ApostaUtils.criarAposta(ApostaUtils.java:198)
	at com.megasena.aposta.utils.ApostaUtils.criarAposta(ApostaUtils.java:198)
	at com.megasena.aposta.utils.ApostaUtils.criarAposta(ApostaUtils.java:198)
	at com.megasena.aposta.utils.ApostaUtils.criarAposta(ApostaUtils.java:198)
	at com.megasena.aposta.utils.ApostaUtils.criarAposta(ApostaUtils.java:198)
	at com.megasena.aposta.utils.ApostaUtils.criarAposta(ApostaUtils.java:198)
	at com.megasena.aposta.utils.ApostaUtils.criarAposta(ApostaUtils.java:198)
	at com.megasena.aposta.utils.ApostaUtils.criarAposta(ApostaUtils.java:198)
	at com.megasena.aposta.utils.ApostaUtils.criarAposta(ApostaUtils.java:198)
	at com.megasena.aposta.utils.ApostaUtils.criarAposta(ApostaUtils.java:198)
	at com.megasena.aposta.utils.ApostaUtils.criarAposta(ApostaUtils.java:198)
	at com.megasena.aposta.utils.ApostaUtils.criarAposta(ApostaUtils.java:198)
	at com.megasena.aposta.utils.ApostaUtils.criarAposta(ApostaUtils.java:198)
	at com.megasena.aposta.utils.ApostaUtils.criarAposta(ApostaUtils.java:198)
	at com.megasena.aposta.utils.ApostaUtils.criarAposta(ApostaUtils.java:198)
	at com.megasena.aposta.utils.ApostaUtils.criarAposta(ApostaUtils.java:198)
	at com.megasena.aposta.utils.ApostaUtils.criarAposta(ApostaUtils.java:198)
	at com.megasena.aposta.utils.ApostaUtils.criarAposta(ApostaUtils.java:198)
	at com.megasena.aposta.utils.ApostaUtils.criarAposta(ApostaUtils.java:198)
	at com.megasena.aposta.utils.ApostaUtils.criarAposta(ApostaUtils.java:198)
	at com.megasena.aposta.utils.ApostaUtils.criarAposta(ApostaUtils.java:198)
	at com.megasena.aposta.utils.ApostaUtils.criarAposta(ApostaUtils.java:198)
	at com.megasena.aposta.utils.ApostaUtils.criarAposta(ApostaUtils.java:198)
	at com.megasena.aposta.utils.ApostaUtils.criarAposta(ApostaUtils.java:198)
	at com.megasena.aposta.utils.ApostaUtils.criarAposta(ApostaUtils.java:198)
	at com.megasena.aposta.utils.ApostaUtils.criarAposta(ApostaUtils.java:198)
	at com.megasena.aposta.utils.ApostaUtils.criarAposta(ApostaUtils.java:198)
	at com.megasena.aposta.utils.ApostaUtils.criarAposta(ApostaUtils.java:198)
	at com.megasena.aposta.utils.ApostaUtils.criarAposta(ApostaUtils.java:198)
	at com.megasena.aposta.utils.ApostaUtils.criarAposta(ApostaUtils.java:198)
	at com.megasena.aposta.utils.ApostaUtils.criarAposta(ApostaUtils.java:198)
	at com.megasena.aposta.utils.ApostaUtils.criarAposta(ApostaUtils.java:198)
	at com.megasena.aposta.utils.ApostaUtils.criarAposta(ApostaUtils.java:198)
	at com.megasena.aposta.utils.ApostaUtils.criarAposta(ApostaUtils.java:198)
	at com.megasena.aposta.utils.ApostaUtils.criarAposta(ApostaUtils.java:198)
	at com.megasena.aposta.utils.ApostaUtils.criarAposta(ApostaUtils.java:198)
	at com.megasena.aposta.utils.ApostaUtils.criarAposta(ApostaUtils.java:198)
	at com.megasena.aposta.utils.ApostaUtils.criarAposta(ApostaUtils.java:198)
	at com.megasena.aposta.utils.ApostaUtils.criarAposta(ApostaUtils.java:198)
	at com.megasena.aposta.utils.ApostaUtils.criarAposta(ApostaUtils.java:198)
	at com.megasena.aposta.utils.ApostaUtils.criarAposta(ApostaUtils.java:198)
	at com.megasena.aposta.utils.ApostaUtils.criarAposta(ApostaUtils.java:198)
	at com.megasena.aposta.utils.ApostaUtils.criarAposta(ApostaUtils.java:198)
	at com.megasena.aposta.utils.ApostaUtils.criarAposta(ApostaUtils.java:198)
	at com.megasena.aposta.utils.ApostaUtils.criarAposta(ApostaUtils.java:198)
	at com.megasena.aposta.utils.ApostaUtils.criarAposta(ApostaUtils.java:198)
	at com.megasena.aposta.utils.ApostaUtils.criarAposta(ApostaUtils.java:198)
	at com.megasena.aposta.utils.ApostaUtils.criarAposta(ApostaUtils.java:198)
	at com.megasena.aposta.utils.ApostaUtils.criarAposta(ApostaUtils.java:198)
	at com.megasena.aposta.utils.ApostaUtils.criarAposta(ApostaUtils.java:198)
	at com.megasena.aposta.utils.ApostaUtils.criarAposta(ApostaUtils.java:198)
	at com.megasena.aposta.utils.ApostaUtils.criarAposta(ApostaUtils.java:198)
	at com.megasena.aposta.utils.ApostaUtils.criarAposta(ApostaUtils.java:198)
	at com.megasena.aposta.utils.ApostaUtils.criarAposta(ApostaUtils.java:198)
	at com.megasena.aposta.utils.ApostaUtils.criarAposta(ApostaUtils.java:198)
	at com.megasena.aposta.utils.ApostaUtils.criarAposta(ApostaUtils.java:198)
	at com.megasena.aposta.utils.ApostaUtils.criarAposta(ApostaUtils.java:198)
	at com.megasena.aposta.utils.ApostaUtils.criarAposta(ApostaUtils.java:198)
	at com.megasena.aposta.utils.ApostaUtils.criarAposta(ApostaUtils.java:198)
	at com.megasena.aposta.utils.ApostaUtils.criarAposta(ApostaUtils.java:198)
	at com.megasena.aposta.utils.ApostaUtils.criarAposta(ApostaUtils.java:198)
	at com.megasena.aposta.utils.ApostaUtils.criarAposta(ApostaUtils.java:198)
	at com.megasena.aposta.utils.ApostaUtils.criarAposta(ApostaUtils.java:198)
	at com.megasena.aposta.utils.ApostaUtils.criarAposta(ApostaUtils.java:198)
	at com.megasena.aposta.utils.ApostaUtils.criarAposta(ApostaUtils.java:198)
	at com.megasena.aposta.utils.ApostaUtils.criarAposta(ApostaUtils.java:198)
	at com.megasena.aposta.utils.ApostaUtils.criarAposta(ApostaUtils.java:198)
	at com.megasena.aposta.utils.ApostaUtils.criarAposta(ApostaUtils.java:198)
	at com.megasena.aposta.utils.ApostaUtils.criarAposta(ApostaUtils.java:198)
	at com.megasena.aposta.utils.ApostaUtils.criarAposta(ApostaUtils.java:198)
	at com.megasena.aposta.utils.ApostaUtils.criarAposta(ApostaUtils.java:198)
	at com.megasena.aposta.utils.ApostaUtils.criarAposta(ApostaUtils.java:198)
	at com.megasena.aposta.utils.ApostaUtils.criarAposta(ApostaUtils.java:198)
	at com.megasena.aposta.utils.ApostaUtils.criarAposta(ApostaUtils.java:198)
	at com.megasena.aposta.utils.ApostaUtils.criarAposta(ApostaUtils.java:198)
	at com.megasena.aposta.utils.ApostaUtils.criarAposta(ApostaUtils.java:198)
	at com.megasena.aposta.utils.ApostaUtils.criarAposta(ApostaUtils.java:198)
	at com.megasena.aposta.utils.ApostaUtils.criarAposta(ApostaUtils.java:198)
	at com.megasena.aposta.utils.ApostaUtils.criarAposta(ApostaUtils.java:198)
	at com.megasena.aposta.utils.ApostaUtils.criarAposta(ApostaUtils.java:198)
	at com.megasena.aposta.utils.ApostaUtils.criarAposta(ApostaUtils.java:198)
	at com.megasena.aposta.utils.ApostaUtils.criarAposta(ApostaUtils.java:198)
	at com.megasena.aposta.utils.ApostaUtils.criarAposta(ApostaUtils.java:198)
	at com.megasena.aposta.utils.ApostaUtils.criarAposta(ApostaUtils.java:198)
	at com.megasena.aposta.utils.ApostaUtils.criarAposta(ApostaUtils.java:198)
	at com.megasena.aposta.utils.ApostaUtils.criarAposta(ApostaUtils.java:198)
	at com.megasena.aposta.utils.ApostaUtils.criarAposta(ApostaUtils.java:198)
	at com.megasena.aposta.utils.ApostaUtils.criarAposta(ApostaUtils.java:198)
	at com.megasena.aposta.utils.ApostaUtils.criarAposta(ApostaUtils.java:198)
	at com.megasena.aposta.utils.ApostaUtils.criarAposta(ApostaUtils.java:198)
	at com.megasena.aposta.utils.ApostaUtils.criarAposta(ApostaUtils.java:198)
	at com.megasena.aposta.utils.ApostaUtils.criarAposta(ApostaUtils.java:198)
	at com.megasena.aposta.utils.ApostaUtils.criarAposta(ApostaUtils.java:198)
	at com.megasena.aposta.utils.ApostaUtils.criarAposta(ApostaUtils.java:198)
	at com.megasena.aposta.utils.ApostaUtils.criarAposta(ApostaUtils.java:198)
	at com.megasena.aposta.utils.ApostaUtils.criarAposta(ApostaUtils.java:198)
	at com.megasena.aposta.utils.ApostaUtils.criarAposta(ApostaUtils.java:198)
	at com.megasena.aposta.utils.ApostaUtils.criarAposta(ApostaUtils.java:198)
	at com.megasena.aposta.utils.ApostaUtils.criarAposta(ApostaUtils.java:198)
	at com.megasena.aposta.utils.ApostaUtils.criarAposta(ApostaUtils.java:198)
	at com.megasena.aposta.utils.ApostaUtils.criarAposta(ApostaUtils.java:198)
	at com.megasena.aposta.utils.ApostaUtils.criarAposta(ApostaUtils.java:198)
	at com.megasena.aposta.utils.ApostaUtils.criarAposta(ApostaUtils.java:198)
	at com.megasena.aposta.utils.ApostaUtils.criarAposta(ApostaUtils.java:198)
	at com.megasena.aposta.utils.ApostaUtils.criarAposta(ApostaUtils.java:198)
	at com.megasena.aposta.utils.ApostaUtils.criarAposta(ApostaUtils.java:198)
	at com.megasena.aposta.utils.ApostaUtils.criarAposta(ApostaUtils.java:198)
	at com.megasena.aposta.utils.ApostaUtils.criarAposta(ApostaUtils.java:198)
	at com.megasena.aposta.utils.ApostaUtils.criarAposta(ApostaUtils.java:198)
	at com.megasena.aposta.utils.ApostaUtils.criarAposta(ApostaUtils.java:198)
	at com.megasena.aposta.utils.ApostaUtils.criarAposta(ApostaUtils.java:198)
	at com.megasena.aposta.utils.ApostaUtils.criarAposta(ApostaUtils.java:198)
	at com.megasena.aposta.utils.ApostaUtils.criarAposta(ApostaUtils.java:198)
	at com.megasena.aposta.utils.ApostaUtils.criarAposta(ApostaUtils.java:198)
	at com.megasena.aposta.utils.ApostaUtils.criarAposta(ApostaUtils.java:198)
	at com.megasena.aposta.utils.ApostaUtils.criarAposta(ApostaUtils.java:198)
	at com.megasena.aposta.utils.ApostaUtils.criarAposta(ApostaUtils.java:198)
	at com.megasena.aposta.utils.ApostaUtils.criarAposta(ApostaUtils.java:198)
	at com.megasena.aposta.utils.ApostaUtils.criarAposta(ApostaUtils.java:198)
	at com.megasena.aposta.utils.ApostaUtils.criarAposta(ApostaUtils.java:198)
	at com.megasena.aposta.utils.ApostaUtils.criarAposta(ApostaUtils.java:198)
	at com.megasena.aposta.utils.ApostaUtils.criarAposta(ApostaUtils.java:198)
	at com.megasena.aposta.utils.ApostaUtils.criarAposta(ApostaUtils.java:198)
	at com.megasena.aposta.utils.ApostaUtils.criarAposta(ApostaUtils.java:198)
	at com.megasena.aposta.utils.ApostaUtils.criarAposta(ApostaUtils.java:198)
	at com.megasena.aposta.utils.ApostaUtils.criarAposta(ApostaUtils.java:198)
	at com.megasena.aposta.utils.ApostaUtils.criarAposta(ApostaUtils.java:198)
	at com.megasena.aposta.utils.ApostaUtils.criarAposta(ApostaUtils.java:198)
	at com.megasena.aposta.utils.ApostaUtils.criarAposta(ApostaUtils.java:198)
	at com.megasena.aposta.utils.ApostaUtils.criarAposta(ApostaUtils.java:198)
	at com.megasena.aposta.utils.ApostaUtils.criarAposta(ApostaUtils.java:198)
	at com.megasena.aposta.utils.ApostaUtils.criarAposta(ApostaUtils.java:198)
	at com.megasena.aposta.utils.ApostaUtils.criarAposta(ApostaUtils.java:198)
	at com.megasena.aposta.utils.ApostaUtils.criarAposta(ApostaUtils.java:198)
	at com.megasena.aposta.utils.ApostaUtils.criarAposta(ApostaUtils.java:198)
	at com.megasena.aposta.utils.ApostaUtils.criarAposta(ApostaUtils.java:198)
	at com.megasena.aposta.utils.ApostaUtils.criarAposta(ApostaUtils.java:198)
	at com.megasena.aposta.utils.ApostaUtils.criarAposta(ApostaUtils.java:198)
	at com.megasena.aposta.utils.ApostaUtils.criarAposta(ApostaUtils.java:198)
	at com.megasena.aposta.utils.ApostaUtils.criarAposta(ApostaUtils.java:198)
	at com.megasena.aposta.utils.ApostaUtils.criarAposta(ApostaUtils.java:198)
	at com.megasena.aposta.utils.ApostaUtils.criarAposta(ApostaUtils.java:198)
	at com.megasena.aposta.utils.ApostaUtils.criarAposta(ApostaUtils.java:198)
	at com.megasena.aposta.utils.ApostaUtils.criarAposta(ApostaUtils.java:198)
	at com.megasena.aposta.utils.ApostaUtils.criarAposta(ApostaUtils.java:198)
	at com.megasena.aposta.utils.ApostaUtils.criarAposta(ApostaUtils.java:198)
	at com.megasena.aposta.utils.ApostaUtils.criarAposta(ApostaUtils.java:198)
	at com.megasena.aposta.utils.ApostaUtils.criarAposta(ApostaUtils.java:198)
	at com.megasena.aposta.utils.ApostaUtils.criarAposta(ApostaUtils.java:198)
	at com.megasena.aposta.utils.ApostaUtils.criarAposta(ApostaUtils.java:198)
	at com.megasena.aposta.utils.ApostaUtils.criarAposta(ApostaUtils.java:198)
	at com.megasena.aposta.utils.ApostaUtils.criarAposta(ApostaUtils.java:198)
	at com.megasena.aposta.utils.ApostaUtils.criarAposta(ApostaUtils.java:198)
	at com.megasena.aposta.utils.ApostaUtils.criarAposta(ApostaUtils.java:198)
	at com.megasena.aposta.utils.ApostaUtils.criarAposta(ApostaUtils.java:198)
	at com.megasena.aposta.utils.ApostaUtils.criarAposta(ApostaUtils.java:198)
	at com.megasena.aposta.utils.ApostaUtils.criarAposta(ApostaUtils.java:198)
	at com.megasena.aposta.utils.ApostaUtils.criarAposta(ApostaUtils.java:198)
	at com.megasena.aposta.utils.ApostaUtils.criarAposta(ApostaUtils.java:198)
	at com.megasena.aposta.utils.ApostaUtils.criarAposta(ApostaUtils.java:198)
	at com.megasena.aposta.utils.ApostaUtils.criarAposta(ApostaUtils.java:198)
	at com.megasena.aposta.utils.ApostaUtils.criarAposta(ApostaUtils.java:198)
	at com.megasena.aposta.utils.ApostaUtils.criarAposta(ApostaUtils.java:198)
	at com.megasena.aposta.utils.ApostaUtils.criarAposta(ApostaUtils.java:198)
	at com.megasena.aposta.utils.ApostaUtils.criarAposta(ApostaUtils.java:198)
	at com.megasena.aposta.utils.ApostaUtils.criarAposta(ApostaUtils.java:198)
	at com.megasena.aposta.utils.ApostaUtils.criarAposta(ApostaUtils.java:198)
	at com.megasena.aposta.utils.ApostaUtils.criarAposta(ApostaUtils.java:198)
	at com.megasena.aposta.utils.ApostaUtils.criarAposta(ApostaUtils.java:198)
	at com.megasena.aposta.utils.ApostaUtils.criarAposta(ApostaUtils.java:198)
	at com.megasena.aposta.utils.ApostaUtils.criarAposta(ApostaUtils.java:198)
	at com.megasena.aposta.utils.ApostaUtils.criarAposta(ApostaUtils.java:198)
	at com.megasena.aposta.utils.ApostaUtils.criarAposta(ApostaUtils.java:198)
	at com.megasena.aposta.utils.ApostaUtils.criarAposta(ApostaUtils.java:198)
	at com.megasena.aposta.utils.ApostaUtils.criarAposta(ApostaUtils.java:198)
	at com.megasena.aposta.utils.ApostaUtils.criarAposta(ApostaUtils.java:198)
	at com.megasena.aposta.utils.ApostaUtils.criarAposta(ApostaUtils.java:198)
	at com.megasena.aposta.utils.ApostaUtils.criarAposta(ApostaUtils.java:198)
	at com.megasena.aposta.utils.ApostaUtils.criarAposta(ApostaUtils.java:198)
	at com.megasena.aposta.utils.ApostaUtils.criarAposta(ApostaUtils.java:198)
	at com.megasena.aposta.utils.ApostaUtils.criarAposta(ApostaUtils.java:198)
	at com.megasena.aposta.utils.ApostaUtils.criarAposta(ApostaUtils.java:198)
	at com.megasena.aposta.utils.ApostaUtils.criarAposta(ApostaUtils.java:198)
	at com.megasena.aposta.utils.ApostaUtils.criarAposta(ApostaUtils.java:198)
	at com.megasena.aposta.utils.ApostaUtils.criarAposta(ApostaUtils.java:198)
	at com.megasena.aposta.utils.ApostaUtils.criarAposta(ApostaUtils.java:198)
	at com.megasena.aposta.utils.ApostaUtils.criarAposta(ApostaUtils.java:198)
	at com.megasena.aposta.utils.ApostaUtils.criarAposta(ApostaUtils.java:198)
	at com.megasena.aposta.utils.ApostaUtils.criarAposta(ApostaUtils.java:198)
	at com.megasena.aposta.utils.ApostaUtils.criarAposta(ApostaUtils.java:198)
	at com.megasena.aposta.utils.ApostaUtils.criarAposta(ApostaUtils.java:198)
	at com.megasena.aposta.utils.ApostaUtils.criarAposta(ApostaUtils.java:198)
	at com.megasena.aposta.utils.ApostaUtils.criarAposta(ApostaUtils.java:198)
	at com.megasena.aposta.utils.ApostaUtils.criarAposta(ApostaUtils.java:198)
	at com.megasena.aposta.utils.ApostaUtils.criarAposta(ApostaUtils.java:198)
	at com.megasena.aposta.utils.ApostaUtils.criarAposta(ApostaUtils.java:198)
	at com.megasena.aposta.utils.ApostaUtils.criarAposta(ApostaUtils.java:198)
	at com.megasena.aposta.utils.ApostaUtils.criarAposta(ApostaUtils.java:198)
	at com.megasena.aposta.utils.ApostaUtils.criarAposta(ApostaUtils.java:198)
	at com.megasena.aposta.utils.ApostaUtils.criarAposta(ApostaUtils.java:198)
	at com.megasena.aposta.utils.ApostaUtils.criarAposta(ApostaUtils.java:198)
	at com.megasena.aposta.utils.ApostaUtils.criarAposta(ApostaUtils.java:198)
	at com.megasena.aposta.utils.ApostaUtils.criarAposta(ApostaUtils.java:198)
	at com.megasena.aposta.utils.ApostaUtils.criarAposta(ApostaUtils.java:198)
	at com.megasena.aposta.utils.ApostaUtils.criarAposta(ApostaUtils.java:198)
	at com.megasena.aposta.utils.ApostaUtils.criarAposta(ApostaUtils.java:198)
	at com.megasena.aposta.utils.ApostaUtils.criarAposta(ApostaUtils.java:198)
	at com.megasena.aposta.utils.ApostaUtils.criarAposta(ApostaUtils.java:198)
	at com.megasena.aposta.utils.ApostaUtils.criarAposta(ApostaUtils.java:198)
	at com.megasena.aposta.utils.ApostaUtils.criarAposta(ApostaUtils.java:198)
	at com.megasena.aposta.utils.ApostaUtils.criarAposta(ApostaUtils.java:198)
	at com.megasena.aposta.utils.ApostaUtils.criarAposta(ApostaUtils.java:198)
	at com.megasena.aposta.utils.ApostaUtils.criarAposta(ApostaUtils.java:198)
	at com.megasena.aposta.utils.ApostaUtils.criarAposta(ApostaUtils.java:198)
	at com.megasena.aposta.utils.ApostaUtils.criarAposta(ApostaUtils.java:198)
	at com.megasena.aposta.utils.ApostaUtils.criarAposta(ApostaUtils.java:198)
	at com.megasena.aposta.utils.ApostaUtils.criarAposta(ApostaUtils.java:198)
	at com.megasena.aposta.utils.ApostaUtils.criarAposta(ApostaUtils.java:198)
	at com.megasena.aposta.utils.ApostaUtils.criarAposta(ApostaUtils.java:198)
	at com.megasena.aposta.utils.ApostaUtils.criarAposta(ApostaUtils.java:198)
	at com.megasena.aposta.utils.ApostaUtils.criarAposta(ApostaUtils.java:198)
	at com.megasena.aposta.utils.ApostaUtils.criarAposta(ApostaUtils.java:198)
	at com.megasena.aposta.utils.ApostaUtils.criarAposta(ApostaUtils.java:198)
	at com.megasena.aposta.utils.ApostaUtils.criarAposta(ApostaUtils.java:198)
	at com.megasena.aposta.utils.ApostaUtils.criarAposta(ApostaUtils.java:198)
	at com.megasena.aposta.utils.ApostaUtils.criarAposta(ApostaUtils.java:198)
	at com.megasena.aposta.utils.ApostaUtils.criarAposta(ApostaUtils.java:198)
	at com.megasena.aposta.utils.ApostaUtils.criarAposta(ApostaUtils.java:198)
	at com.megasena.aposta.utils.ApostaUtils.criarAposta(ApostaUtils.java:198)
	at com.megasena.aposta.utils.ApostaUtils.criarAposta(ApostaUtils.java:198)
	at com.megasena.aposta.utils.ApostaUtils.criarAposta(ApostaUtils.java:198)
	at com.megasena.aposta.utils.ApostaUtils.criarAposta(ApostaUtils.java:198)
	at com.megasena.aposta.utils.ApostaUtils.criarAposta(ApostaUtils.java:198)
	at com.megasena.aposta.utils.ApostaUtils.criarAposta(ApostaUtils.java:198)
	at com.megasena.aposta.utils.ApostaUtils.criarAposta(ApostaUtils.java:198)
	at com.megasena.aposta.utils.ApostaUtils.criarAposta(ApostaUtils.java:198)
	at com.megasena.aposta.utils.ApostaUtils.criarAposta(ApostaUtils.java:198)
	at com.megasena.aposta.utils.ApostaUtils.criarAposta(ApostaUtils.java:198)
	at com.megasena.aposta.utils.ApostaUtils.criarAposta(ApostaUtils.java:198)
	at com.megasena.aposta.utils.ApostaUtils.criarAposta(ApostaUtils.java:198)
	at com.megasena.aposta.utils.ApostaUtils.criarAposta(ApostaUtils.java:198)
	at com.megasena.aposta.utils.ApostaUtils.criarAposta(ApostaUtils.java:198)
	at com.megasena.aposta.utils.ApostaUtils.criarAposta(ApostaUtils.java:198)
	at com.megasena.aposta.utils.ApostaUtils.criarAposta(ApostaUtils.java:198)
	at com.megasena.aposta.utils.ApostaUtils.criarAposta(ApostaUtils.java:198)
	at com.megasena.aposta.utils.ApostaUtils.criarAposta(ApostaUtils.java:198)
	at com.megasena.aposta.utils.ApostaUtils.criarAposta(ApostaUtils.java:198)
	at com.megasena.aposta.utils.ApostaUtils.criarAposta(ApostaUtils.java:198)
	at com.megasena.aposta.utils.ApostaUtils.criarAposta(ApostaUtils.java:198)
	at com.megasena.aposta.utils.ApostaUtils.criarAposta(ApostaUtils.java:198)
	at com.megasena.aposta.utils.ApostaUtils.criarAposta(ApostaUtils.java:198)
	at com.megasena.aposta.utils.ApostaUtils.criarAposta(ApostaUtils.java:198)
	at com.megasena.aposta.utils.ApostaUtils.criarAposta(ApostaUtils.java:198)
	at com.megasena.aposta.utils.ApostaUtils.criarAposta(ApostaUtils.java:198)
	at com.megasena.aposta.utils.ApostaUtils.criarAposta(ApostaUtils.java:198)
	at com.megasena.aposta.utils.ApostaUtils.criarAposta(ApostaUtils.java:198)
	at com.megasena.aposta.utils.ApostaUtils.criarAposta(ApostaUtils.java:198)
	at com.megasena.aposta.utils.ApostaUtils.criarAposta(ApostaUtils.java:198)
	at com.megasena.aposta.utils.ApostaUtils.criarAposta(ApostaUtils.java:198)
	at com.megasena.aposta.utils.ApostaUtils.criarAposta(ApostaUtils.java:198)
	at com.megasena.aposta.utils.ApostaUtils.criarAposta(ApostaUtils.java:198)
	at com.megasena.aposta.utils.ApostaUtils.criarAposta(ApostaUtils.java:198)
	at com.megasena.aposta.utils.ApostaUtils.criarAposta(ApostaUtils.java:198)
	at com.megasena.aposta.utils.ApostaUtils.criarAposta(ApostaUtils.java:198)
	at com.megasena.aposta.utils.ApostaUtils.criarAposta(ApostaUtils.java:198)
	at com.megasena.aposta.utils.ApostaUtils.criarAposta(ApostaUtils.java:198)
	at com.megasena.aposta.utils.ApostaUtils.criarAposta(ApostaUtils.java:198)
	at com.megasena.aposta.utils.ApostaUtils.criarAposta(ApostaUtils.java:198)
	at com.megasena.aposta.utils.ApostaUtils.criarAposta(ApostaUtils.java:198)
	at com.megasena.aposta.utils.ApostaUtils.criarAposta(ApostaUtils.java:198)
	at com.megasena.aposta.utils.ApostaUtils.criarAposta(ApostaUtils.java:198)
	at com.megasena.aposta.utils.ApostaUtils.criarAposta(ApostaUtils.java:198)
	at com.megasena.aposta.utils.ApostaUtils.criarAposta(ApostaUtils.java:198)
	at com.megasena.aposta.utils.ApostaUtils.criarAposta(ApostaUtils.java:198)
	at com.megasena.aposta.utils.ApostaUtils.criarAposta(ApostaUtils.java:198)
	at com.megasena.aposta.utils.ApostaUtils.criarAposta(ApostaUtils.java:198)
	at com.megasena.aposta.utils.ApostaUtils.criarAposta(ApostaUtils.java:198)
	at com.megasena.aposta.utils.ApostaUtils.criarAposta(ApostaUtils.java:198)
	at com.megasena.aposta.utils.ApostaUtils.criarAposta(ApostaUtils.java:198)
	at com.megasena.aposta.utils.ApostaUtils.criarAposta(ApostaUtils.java:198)
	at com.megasena.aposta.utils.ApostaUtils.criarAposta(ApostaUtils.java:198)
	at com.megasena.aposta.utils.ApostaUtils.criarAposta(ApostaUtils.java:198)
	at com.megasena.aposta.utils.ApostaUtils.criarAposta(ApostaUtils.java:198)
	at com.megasena.aposta.utils.ApostaUtils.criarAposta(ApostaUtils.java:198)
	at com.megasena.aposta.utils.ApostaUtils.criarAposta(ApostaUtils.java:198)
	at com.megasena.aposta.utils.ApostaUtils.criarAposta(ApostaUtils.java:198)
	at com.megasena.aposta.utils.ApostaUtils.criarAposta(ApostaUtils.java:198)
	at com.megasena.aposta.utils.ApostaUtils.criarAposta(ApostaUtils.java:198)
	at com.megasena.aposta.utils.ApostaUtils.criarAposta(ApostaUtils.java:198)
	at com.megasena.aposta.utils.ApostaUtils.criarAposta(ApostaUtils.java:198)
	at com.megasena.aposta.utils.ApostaUtils.criarAposta(ApostaUtils.java:198)
	at com.megasena.aposta.utils.ApostaUtils.criarAposta(ApostaUtils.java:198)
	at com.megasena.aposta.utils.ApostaUtils.criarAposta(ApostaUtils.java:198)
	at com.megasena.aposta.utils.ApostaUtils.criarAposta(ApostaUtils.java:198)
	at com.megasena.aposta.utils.ApostaUtils.criarAposta(ApostaUtils.java:198)
	at com.megasena.aposta.utils.ApostaUtils.criarAposta(ApostaUtils.java:198)
	at com.megasena.aposta.utils.ApostaUtils.criarAposta(ApostaUtils.java:198)
	at com.megasena.aposta.utils.ApostaUtils.criarAposta(ApostaUtils.java:198)
	at com.megasena.aposta.utils.ApostaUtils.criarAposta(ApostaUtils.java:198)
	at com.megasena.aposta.utils.ApostaUtils.criarAposta(ApostaUtils.java:198)
	at com.megasena.aposta.utils.ApostaUtils.criarAposta(ApostaUtils.java:198)
	at com.megasena.aposta.utils.ApostaUtils.criarAposta(ApostaUtils.java:198)
	at com.megasena.aposta.utils.ApostaUtils.criarAposta(ApostaUtils.java:198)
	at com.megasena.aposta.utils.ApostaUtils.criarAposta(ApostaUtils.java:198)
	at com.megasena.aposta.utils.ApostaUtils.criarAposta(ApostaUtils.java:198)
	at com.megasena.aposta.utils.ApostaUtils.criarAposta(ApostaUtils.java:198)
	at com.megasena.aposta.utils.ApostaUtils.criarAposta(ApostaUtils.java:198)
	at com.megasena.aposta.utils.ApostaUtils.criarAposta(ApostaUtils.java:198)
	at com.megasena.aposta.utils.ApostaUtils.criarAposta(ApostaUtils.java:198)
	at com.megasena.aposta.utils.ApostaUtils.criarAposta(ApostaUtils.java:198)
	at com.megasena.aposta.utils.ApostaUtils.criarAposta(ApostaUtils.java:198)
	at com.megasena.aposta.utils.ApostaUtils.criarAposta(ApostaUtils.java:198)
	at com.megasena.aposta.utils.ApostaUtils.criarAposta(ApostaUtils.java:198)
	at com.megasena.aposta.utils.ApostaUtils.criarAposta(ApostaUtils.java:198)
	at com.megasena.aposta.utils.ApostaUtils.criarAposta(ApostaUtils.java:198)
	at com.megasena.aposta.utils.ApostaUtils.criarAposta(ApostaUtils.java:198)
	at com.megasena.aposta.utils.ApostaUtils.criarAposta(ApostaUtils.java:198)
	at com.megasena.aposta.utils.ApostaUtils.criarAposta(ApostaUtils.java:198)
	at com.megasena.aposta.utils.ApostaUtils.criarAposta(ApostaUtils.java:198)
	at com.megasena.aposta.utils.ApostaUtils.criarAposta(ApostaUtils.java:198)
	at com.megasena.aposta.utils.ApostaUtils.criarAposta(ApostaUtils.java:198)
	at com.megasena.aposta.utils.ApostaUtils.criarAposta(ApostaUtils.java:198)
	at com.megasena.aposta.utils.ApostaUtils.criarAposta(ApostaUtils.java:198)
	at com.megasena.aposta.utils.ApostaUtils.criarAposta(ApostaUtils.java:198)
	at com.megasena.aposta.utils.ApostaUtils.criarAposta(ApostaUtils.java:198)
	at com.megasena.aposta.utils.ApostaUtils.criarAposta(ApostaUtils.java:198)
	at com.megasena.aposta.utils.ApostaUtils.criarAposta(ApostaUtils.java:198)
	at com.megasena.aposta.utils.ApostaUtils.criarAposta(ApostaUtils.java:198)
	at com.megasena.aposta.utils.ApostaUtils.criarAposta(ApostaUtils.java:198)
	at com.megasena.aposta.utils.ApostaUtils.criarAposta(ApostaUtils.java:198)
	at com.megasena.aposta.utils.ApostaUtils.criarAposta(ApostaUtils.java:198)
	at com.megasena.aposta.utils.ApostaUtils.criarAposta(ApostaUtils.java:198)
	at com.megasena.aposta.utils.ApostaUtils.criarAposta(ApostaUtils.java:198)
	at com.megasena.aposta.utils.ApostaUtils.criarAposta(ApostaUtils.java:198)
	at com.megasena.aposta.utils.ApostaUtils.criarAposta(ApostaUtils.java:198)
	at com.megasena.aposta.utils.ApostaUtils.criarAposta(ApostaUtils.java:198)
	at com.megasena.aposta.utils.ApostaUtils.criarAposta(ApostaUtils.java:198)
	at com.megasena.aposta.utils.ApostaUtils.criarAposta(ApostaUtils.java:198)
	at com.megasena.aposta.utils.ApostaUtils.criarAposta(ApostaUtils.java:198)
	at com.megasena.aposta.utils.ApostaUtils.criarAposta(ApostaUtils.java:198)
	at com.megasena.aposta.utils.ApostaUtils.criarAposta(ApostaUtils.java:198)
	at com.megasena.aposta.utils.ApostaUtils.criarAposta(ApostaUtils.java:198)
	at com.megasena.aposta.utils.ApostaUtils.criarAposta(ApostaUtils.java:198)
	at com.megasena.aposta.utils.ApostaUtils.criarAposta(ApostaUtils.java:198)
	at com.megasena.aposta.utils.ApostaUtils.criarAposta(ApostaUtils.java:198)
	at com.megasena.aposta.utils.ApostaUtils.criarAposta(ApostaUtils.java:198)
	at com.megasena.aposta.utils.ApostaUtils.criarAposta(ApostaUtils.java:198)
	at com.megasena.aposta.utils.ApostaUtils.criarAposta(ApostaUtils.java:198)
	at com.megasena.aposta.utils.ApostaUtils.criarAposta(ApostaUtils.java:198)
	at com.megasena.aposta.utils.ApostaUtils.criarAposta(ApostaUtils.java:198)
	at com.megasena.aposta.utils.ApostaUtils.criarAposta(ApostaUtils.java:198)
	at com.megasena.aposta.utils.ApostaUtils.criarAposta(ApostaUtils.java:198)
	at com.megasena.aposta.utils.ApostaUtils.criarAposta(ApostaUtils.java:198)
	at com.megasena.aposta.utils.ApostaUtils.criarAposta(ApostaUtils.java:198)
	at com.megasena.aposta.utils.ApostaUtils.criarAposta(ApostaUtils.java:198)
	at com.megasena.aposta.utils.ApostaUtils.criarAposta(ApostaUtils.java:198)
	at com.megasena.aposta.utils.ApostaUtils.criarAposta(ApostaUtils.java:198)
	at com.megasena.aposta.utils.ApostaUtils.criarAposta(ApostaUtils.java:198)
	at com.megasena.aposta.utils.ApostaUtils.criarAposta(ApostaUtils.java:198)
	at com.megasena.aposta.utils.ApostaUtils.criarAposta(ApostaUtils.java:198)
	at com.megasena.aposta.utils.ApostaUtils.criarAposta(ApostaUtils.java:198)
	at com.megasena.aposta.utils.ApostaUtils.criarAposta(ApostaUtils.java:198)
	at com.megasena.aposta.utils.ApostaUtils.criarAposta(ApostaUtils.java:198)
	at com.megasena.aposta.utils.ApostaUtils.criarAposta(ApostaUtils.java:198)
	at com.megasena.aposta.utils.ApostaUtils.criarAposta(ApostaUtils.java:198)
	at com.megasena.aposta.utils.ApostaUtils.criarAposta(ApostaUtils.java:198)
	at com.megasena.aposta.utils.ApostaUtils.criarAposta(ApostaUtils.java:198)
	at com.megasena.aposta.utils.ApostaUtils.criarAposta(ApostaUtils.java:198)
	at com.megasena.aposta.utils.ApostaUtils.criarAposta(ApostaUtils.java:198)
	at com.megasena.aposta.utils.ApostaUtils.criarAposta(ApostaUtils.java:198)
	at com.megasena.aposta.utils.ApostaUtils.criarAposta(ApostaUtils.java:198)
	at com.megasena.aposta.utils.ApostaUtils.criarAposta(ApostaUtils.java:198)
	at com.megasena.aposta.utils.ApostaUtils.criarAposta(ApostaUtils.java:198)
	at com.megasena.aposta.utils.ApostaUtils.criarAposta(ApostaUtils.java:198)
	at com.megasena.aposta.utils.ApostaUtils.criarAposta(ApostaUtils.java:198)
	at com.megasena.aposta.utils.ApostaUtils.criarAposta(ApostaUtils.java:198)
	at com.megasena.aposta.utils.ApostaUtils.criarAposta(ApostaUtils.java:198)
	at com.megasena.aposta.utils.ApostaUtils.criarAposta(ApostaUtils.java:198)
	at com.megasena.aposta.utils.ApostaUtils.criarAposta(ApostaUtils.java:198)
	at com.megasena.aposta.utils.ApostaUtils.criarAposta(ApostaUtils.java:198)
	at com.megasena.aposta.utils.ApostaUtils.criarAposta(ApostaUtils.java:198)
	at com.megasena.aposta.utils.ApostaUtils.criarAposta(ApostaUtils.java:198)
	at com.megasena.aposta.utils.ApostaUtils.criarAposta(ApostaUtils.java:198)
	at com.megasena.aposta.utils.ApostaUtils.criarAposta(ApostaUtils.java:198)
	at com.megasena.aposta.utils.ApostaUtils.criarAposta(ApostaUtils.java:198)
	at com.megasena.aposta.utils.ApostaUtils.criarAposta(ApostaUtils.java:198)
	at com.megasena.aposta.utils.ApostaUtils.criarAposta(ApostaUtils.java:198)
	at com.megasena.aposta.utils.ApostaUtils.criarAposta(ApostaUtils.java:198)
	at com.megasena.aposta.utils.ApostaUtils.criarAposta(ApostaUtils.java:198)
	at com.megasena.aposta.utils.ApostaUtils.criarAposta(ApostaUtils.java:198)
	at com.megasena.aposta.utils.ApostaUtils.criarAposta(ApostaUtils.java:198)
	at com.megasena.aposta.utils.ApostaUtils.criarAposta(ApostaUtils.java:198)
	at com.megasena.aposta.utils.ApostaUtils.criarAposta(ApostaUtils.java:198)
	at com.megasena.aposta.utils.ApostaUtils.criarAposta(ApostaUtils.java:198)
	at com.megasena.aposta.utils.ApostaUtils.criarAposta(ApostaUtils.java:198)
	at com.megasena.aposta.utils.ApostaUtils.criarAposta(ApostaUtils.java:198)
	at com.megasena.aposta.utils.ApostaUtils.criarAposta(ApostaUtils.java:198)
	at com.megasena.aposta.utils.ApostaUtils.criarAposta(ApostaUtils.java:198)
	at com.megasena.aposta.utils.ApostaUtils.criarAposta(ApostaUtils.java:198)
	at com.megasena.aposta.utils.ApostaUtils.criarAposta(ApostaUtils.java:198)
	at com.megasena.aposta.utils.ApostaUtils.criarAposta(ApostaUtils.java:198)
	at com.megasena.aposta.utils.ApostaUtils.criarAposta(ApostaUtils.java:198)
	at com.megasena.aposta.utils.ApostaUtils.criarAposta(ApostaUtils.java:198)
	at com.megasena.aposta.utils.ApostaUtils.criarAposta(ApostaUtils.java:198)
	at com.megasena.aposta.utils.ApostaUtils.criarAposta(ApostaUtils.java:198)
	at com.megasena.aposta.utils.ApostaUtils.criarAposta(ApostaUtils.java:198)
	at com.megasena.aposta.utils.ApostaUtils.criarAposta(ApostaUtils.java:198)
	at com.megasena.aposta.utils.ApostaUtils.criarAposta(ApostaUtils.java:198)
	at com.megasena.aposta.utils.ApostaUtils.criarAposta(ApostaUtils.java:198)
	at com.megasena.aposta.utils.ApostaUtils.criarAposta(ApostaUtils.java:198)
	at com.megasena.aposta.utils.ApostaUtils.criarAposta(ApostaUtils.java:198)
	at com.megasena.aposta.utils.ApostaUtils.criarAposta(ApostaUtils.java:198)
	at com.megasena.aposta.utils.ApostaUtils.criarAposta(ApostaUtils.java:198)
	at com.megasena.aposta.utils.ApostaUtils.criarAposta(ApostaUtils.java:198)
	at com.megasena.aposta.utils.ApostaUtils.criarAposta(ApostaUtils.java:198)
	at com.megasena.aposta.utils.ApostaUtils.criarAposta(ApostaUtils.java:198)
	at com.megasena.aposta.utils.ApostaUtils.criarAposta(ApostaUtils.java:198)
	at com.megasena.aposta.utils.ApostaUtils.criarAposta(ApostaUtils.java:198)
	at com.megasena.aposta.utils.ApostaUtils.criarAposta(ApostaUtils.java:198)
	at com.megasena.aposta.utils.ApostaUtils.criarAposta(ApostaUtils.java:198)
	at com.megasena.aposta.utils.ApostaUtils.criarAposta(ApostaUtils.java:198)
	at com.megasena.aposta.utils.ApostaUtils.criarAposta(ApostaUtils.java:198)
	at com.megasena.aposta.utils.ApostaUtils.criarAposta(ApostaUtils.java:198)
	at com.megasena.aposta.utils.ApostaUtils.criarAposta(ApostaUtils.java:198)
	at com.megasena.aposta.utils.ApostaUtils.criarAposta(ApostaUtils.java:198)
	at com.megasena.aposta.utils.ApostaUtils.criarAposta(ApostaUtils.java:198)
	at com.megasena.aposta.utils.ApostaUtils.criarAposta(ApostaUtils.java:198)
	at com.megasena.aposta.utils.ApostaUtils.criarAposta(ApostaUtils.java:198)
	at com.megasena.aposta.utils.ApostaUtils.criarAposta(ApostaUtils.java:198)
	at com.megasena.aposta.utils.ApostaUtils.criarAposta(ApostaUtils.java:198)
	at com.megasena.aposta.utils.ApostaUtils.criarAposta(ApostaUtils.java:198)
	at com.megasena.aposta.utils.ApostaUtils.criarAposta(ApostaUtils.java:198)
	at com.megasena.aposta.utils.ApostaUtils.criarAposta(ApostaUtils.java:198)
	at com.megasena.aposta.utils.ApostaUtils.criarAposta(ApostaUtils.java:198)
	at com.megasena.aposta.utils.ApostaUtils.criarAposta(ApostaUtils.java:198)
	at com.megasena.aposta.utils.ApostaUtils.criarAposta(ApostaUtils.java:198)
	at com.megasena.aposta.utils.ApostaUtils.criarAposta(ApostaUtils.java:198)
	at com.megasena.aposta.utils.ApostaUtils.criarAposta(ApostaUtils.java:198)
	at com.megasena.aposta.utils.ApostaUtils.criarAposta(ApostaUtils.java:198)
	at com.megasena.aposta.utils.ApostaUtils.criarAposta(ApostaUtils.java:198)
	at com.megasena.aposta.utils.ApostaUtils.criarAposta(ApostaUtils.java:198)
	at com.megasena.aposta.utils.ApostaUtils.criarAposta(ApostaUtils.java:198)
	at com.megasena.aposta.utils.ApostaUtils.criarAposta(ApostaUtils.java:198)
	at com.megasena.aposta.utils.ApostaUtils.criarAposta(ApostaUtils.java:198)
	at com.megasena.aposta.utils.ApostaUtils.criarAposta(ApostaUtils.java:198)
	at com.megasena.aposta.utils.ApostaUtils.criarAposta(ApostaUtils.java:198)
	at com.megasena.aposta.utils.ApostaUtils.criarAposta(ApostaUtils.java:198)
	at com.megasena.aposta.utils.ApostaUtils.criarAposta(ApostaUtils.java:198)
	at com.megasena.aposta.utils.ApostaUtils.criarAposta(ApostaUtils.java:198)
	at com.megasena.aposta.utils.ApostaUtils.criarAposta(ApostaUtils.java:198)
	at com.megasena.aposta.utils.ApostaUtils.criarAposta(ApostaUtils.java:198)
	at com.megasena.aposta.utils.ApostaUtils.criarAposta(ApostaUtils.java:198)
	at com.megasena.aposta.utils.ApostaUtils.criarAposta(ApostaUtils.java:198)
	at com.megasena.aposta.utils.ApostaUtils.criarAposta(ApostaUtils.java:198)
	at com.megasena.aposta.utils.ApostaUtils.criarAposta(ApostaUtils.java:198)
	at com.megasena.aposta.utils.ApostaUtils.criarAposta(ApostaUtils.java:198)
	at com.megasena.aposta.utils.ApostaUtils.criarAposta(ApostaUtils.java:198)
	at com.megasena.aposta.utils.ApostaUtils.criarAposta(ApostaUtils.java:198)
	at com.megasena.aposta.utils.ApostaUtils.criarAposta(ApostaUtils.java:198)
	at com.megasena.aposta.utils.ApostaUtils.criarAposta(ApostaUtils.java:198)
	at com.megasena.aposta.utils.ApostaUtils.criarAposta(ApostaUtils.java:198)
	at com.megasena.aposta.utils.ApostaUtils.criarAposta(ApostaUtils.java:198)
	at com.megasena.aposta.utils.ApostaUtils.criarAposta(ApostaUtils.java:198)
	at com.megasena.aposta.utils.ApostaUtils.criarAposta(ApostaUtils.java:198)
	at com.megasena.aposta.utils.ApostaUtils.criarAposta(ApostaUtils.java:198)
	at com.megasena.aposta.utils.ApostaUtils.criarAposta(ApostaUtils.java:198)
	at com.megasena.aposta.utils.ApostaUtils.criarAposta(ApostaUtils.java:198)
	at com.megasena.aposta.utils.ApostaUtils.criarAposta(ApostaUtils.java:198)
	at com.megasena.aposta.utils.ApostaUtils.criarAposta(ApostaUtils.java:198)
	at com.megasena.aposta.utils.ApostaUtils.criarAposta(ApostaUtils.java:198)
	at com.megasena.aposta.utils.ApostaUtils.criarAposta(ApostaUtils.java:198)
	at com.megasena.aposta.utils.ApostaUtils.criarAposta(ApostaUtils.java:198)
	at com.megasena.aposta.utils.ApostaUtils.criarAposta(ApostaUtils.java:198)
	at com.megasena.aposta.utils.ApostaUtils.criarAposta(ApostaUtils.java:198)
	at com.megasena.aposta.utils.ApostaUtils.criarAposta(ApostaUtils.java:198)
	at com.megasena.aposta.utils.ApostaUtils.criarAposta(ApostaUtils.java:198)
	at com.megasena.aposta.utils.ApostaUtils.criarAposta(ApostaUtils.java:198)
	at com.megasena.aposta.utils.ApostaUtils.criarAposta(ApostaUtils.java:198)
	at com.megasena.aposta.utils.ApostaUtils.criarAposta(ApostaUtils.java:198)
	at com.megasena.aposta.utils.ApostaUtils.criarAposta(ApostaUtils.java:198)
	at com.megasena.aposta.utils.ApostaUtils.criarAposta(ApostaUtils.java:198)
	at com.megasena.aposta.utils.ApostaUtils.criarAposta(ApostaUtils.java:198)
	at com.megasena.aposta.utils.ApostaUtils.criarAposta(ApostaUtils.java:198)
	at com.megasena.aposta.utils.ApostaUtils.criarAposta(ApostaUtils.java:198)
	at com.megasena.aposta.utils.ApostaUtils.criarAposta(ApostaUtils.java:198)
	at com.megasena.aposta.utils.ApostaUtils.criarAposta(ApostaUtils.java:198)
	at com.megasena.aposta.utils.ApostaUtils.criarAposta(ApostaUtils.java:198)
	at com.megasena.aposta.utils.ApostaUtils.criarAposta(ApostaUtils.java:198)
	at com.megasena.aposta.utils.ApostaUtils.criarAposta(ApostaUtils.java:198)
	at com.megasena.aposta.utils.ApostaUtils.criarAposta(ApostaUtils.java:198)
	at com.megasena.aposta.utils.ApostaUtils.criarAposta(ApostaUtils.java:198)
	at com.megasena.aposta.utils.ApostaUtils.criarAposta(ApostaUtils.java:198)
	at com.megasena.aposta.utils.ApostaUtils.criarAposta(ApostaUtils.java:198)
	at com.megasena.aposta.utils.ApostaUtils.criarAposta(ApostaUtils.java:198)
	at com.megasena.aposta.utils.ApostaUtils.criarAposta(ApostaUtils.java:198)
	at com.megasena.aposta.utils.ApostaUtils.criarAposta(ApostaUtils.java:198)
	at com.megasena.aposta.utils.ApostaUtils.criarAposta(ApostaUtils.java:198)
	at com.megasena.aposta.utils.ApostaUtils.criarAposta(ApostaUtils.java:198)
	at com.megasena.aposta.utils.ApostaUtils.criarAposta(ApostaUtils.java:198)
	at com.megasena.aposta.utils.ApostaUtils.criarAposta(ApostaUtils.java:198)
	at com.megasena.aposta.utils.ApostaUtils.criarAposta(ApostaUtils.java:198)
	at com.megasena.aposta.utils.ApostaUtils.criarAposta(ApostaUtils.java:198)
	at com.megasena.aposta.utils.ApostaUtils.criarAposta(ApostaUtils.java:198)
	at com.megasena.aposta.utils.ApostaUtils.criarAposta(ApostaUtils.java:198)
	at com.megasena.aposta.utils.ApostaUtils.criarAposta(ApostaUtils.java:198)
	at com.megasena.aposta.utils.ApostaUtils.criarAposta(ApostaUtils.java:198)
	at com.megasena.aposta.utils.ApostaUtils.criarAposta(ApostaUtils.java:198)
	at com.megasena.aposta.utils.ApostaUtils.criarAposta(ApostaUtils.java:198)
	at com.megasena.aposta.utils.ApostaUtils.criarAposta(ApostaUtils.java:198)
	at com.megasena.aposta.utils.ApostaUtils.criarAposta(ApostaUtils.java:198)
	at com.megasena.aposta.utils.ApostaUtils.criarAposta(ApostaUtils.java:198)
	at com.megasena.aposta.utils.ApostaUtils.criarAposta(ApostaUtils.java:198)
	at com.megasena.aposta.utils.ApostaUtils.criarAposta(ApostaUtils.java:198)
	at com.megasena.aposta.utils.ApostaUtils.criarAposta(ApostaUtils.java:198)
	at com.megasena.aposta.utils.ApostaUtils.criarAposta(ApostaUtils.java:198)
	at com.megasena.aposta.utils.ApostaUtils.criarAposta(ApostaUtils.java:198)
	at com.megasena.aposta.utils.ApostaUtils.criarAposta(ApostaUtils.java:198)
	at com.megasena.aposta.utils.ApostaUtils.criarAposta(ApostaUtils.java:198)
]]></error>
  </testcase>
</testsuite>